DUP : SHARK-DOG-HOODY-140r.jpg
DUP : SHARK-DOG-HOODY-141r.jpg
DUP : SHARK-DOG-HOODY-142r.jpg
DUP : SHARK-DOG-HOODY-143r.jpg
DUP : SHARK-DOG-HOODY-138r.jpg
DUP : SHARK-DOG-HOODY-136r.jpg
DUP : SHARK-DOG-HOODY-137r.jpg
DUP : SHARK-DOG-HOODY-139r.jpg
DUP : SHARK-DOG-HOODY-96y.jpg
DUP : RUNCH-HOODY-08r.jpg
DUP : SHARK-DOG-HOODY-121y.jpg
DUP : WOOPS_HOODY_55e.jpg
DUP : WOOPS_HOODY_89g.jpg
DUP : DMK_HOODY_113.jpg
DUP : LightSpear_HOODY_01.jpg
DUP : DMK_HOODY_103.jpg
DUP : WOOPS_HOODY_51e.jpg
DUP : DMK_HOODY_72.jpg
DUP : SHARK-DOG-HOODY-31y.jpg
DUP : SHARK-DOG-HOODY-93y.jpg
DUP : SHARK-DOG-HOODY-135y.jpg
DUP : SHARK-DOG-HOODY-132y.jpg
DUP : SHARK-DOG-HOODY-133y.jpg
DUP : SHARK-DOG-HOODY-129y.jpg
DUP : SHARK-DOG-HOODY-130y.jpg
DUP : SHARK-DOG-HOODY-131y.jpg
DUP : SHARK-DOG-HOODY-127k.jpg
DUP : SHARK-DOG-HOODY-123y.jpg
DUP : SHARK-DOG-HOODY-119y.jpg
DUP : SHARK-DOG-HOODY-120y.jpg
DUP : SHARK-DOG-HOODY-89y.jpg
DUP : SHARK-DOG-HOODY-32y.jpg
DUP : SHARK-DOG-HOODY-115y.jpg
DUP : SHARK-DOG-HOODY-117y.jpg
DUP : SHARK-DOG-HOODY-114y.jpg
DUP : SHARK-DOG-HOODY-111y.jpg
DUP : SHARK-DOG-HOODY-112y.jpg
DUP : SHARK-DOG-HOODY-113y.jpg
DUP : SHARK-DOG-HOODY-100y.jpg
DUP : SHARK-DOG-HOODY-108y.jpg
DUP : SHARK-DOG-HOODY-109y.jpg
DUP : SHARK-DOG-HOODY-110y.jpg
DUP : SHARK-DOG-HOODY-107y.jpg
DUP : SHARK-DOG-HOODY-104y.jpg
DUP : SHARK-DOG-HOODY-105y.jpg
DUP : SHARK-DOG-HOODY-106y.jpg
DUP : SHARK-DOG-HOODY-103y.jpg
DUP : SHARK-DOG-HOODY-99y.jpg
DUP : SHARK-DOG-HOODY-101y.jpg
DUP : SHARK-DOG-HOODY-102y.jpg
DUP : SHARK-DOG-HOODY-95y.jpg
DUP : SHARK-DOG-HOODY-97y.jpg
DUP : SHARK-DOG-HOODY-98y.jpg
DUP : SHARK-DOG-HOODY-92y.jpg
DUP : SHARK-DOG-HOODY-94y.jpg
DUP : SHARK-DOG-HOODY-88y.jpg
DUP : SHARK-DOG-HOODY-85y.jpg
DUP : SHARK-DOG-HOODY-86y.jpg
DUP : SHARK-DOG-HOODY-87y.jpg
DUP : SHARK-DOG-HOODY-84y.jpg
DUP : SHARK-DOG-HOODY-42y.jpg
DUP : SHARK-DOG-HOODY-43y.jpg
DUP : SHARK-DOG-HOODY-45y.jpg
DUP : SHARK-DOG-HOODY-39y.jpg
DUP : SHARK-DOG-HOODY-38y.jpg
DUP : SHARK-DOG-HOODY-36q.jpg
DUP : SHARK-DOG-HOODY-37q.jpg
DUP : SHARK-DOG-HOODY-34q.jpg
DUP : SHARK-DOG-HOODY-33y.jpg
DUP : SHARK-DOG-HOODY-29y.jpg
DUP : SHARK-DOG-HOODY-26y.jpg
DUP : SHARK-DOG-HOODY-27y.jpg
DUP : SHARK-DOG-HOODY-28y.jpg
DUP : SHARK-DOG-HOODY-23y.jpg
DUP : SHARK-DOG-HOODY-24y.jpg
DUP : SHARK-DOG-HOODY-25y.jpg
DUP : SHARK-DOG-HOODY-22y.jpg
DUP : SHARK-DOG-HOODY-09y.jpg
DUP : SHARK-DOG-HOODY-16y.jpg
DUP : SHARK-DOG-HOODY-17y.jpg
DUP : SHARK-DOG-HOODY-14y.jpg
DUP : SHARK-DOG-HOODY-15y.jpg
DUP : SHARK-DOG-HOODY-126k.jpg
DUP : SHARK-DOG-HOODY-11y.jpg
DUP : SHARK-DOG-HOODY-12y.jpg
DUP : SNUK_HOODY_33.jpg
DUP : SHARK-DOG-HOODY-06y.jpg
DUP : SHARK-DOG-HOODY-07y.jpg
DUP : SHARK-DOG-HOODY-08y.jpg
DUP : SHARK-DOG-HOODY-03y.jpg
DUP : SHARK-DOG-HOODY-01y.jpg
DUP : SHARK-DOG-HOODY-02y.jpg
DUP : SHARK-DOG-HOODY-124y.jpg
DUP : SHARK-DOG-HOODY-125y.jpg
DUP : SHARK-DOG-HOODY-126y.jpg
DUP : FICO-HOODY-55y.jpg
DUP : FICO-HOODY-57y.jpg
DUP : FICO-HOODY-54y.jpg
DUP : FICO-HOODY-52y.jpg
DUP : FICO-HOODY-51y.jpg
DUP : FICO-HOODY-45y.jpg
DUP : FICO-HOODY-46y.jpg
DUP : FICO-HOODY-48y.jpg
DUP : FICO-HOODY-42y.jpg
DUP : FICO-HOODY-43y.jpg
DUP : FICO-HOODY-44y.jpg
DUP : FICO-HOODY-39y.jpg
DUP : FICO-HOODY-36y.jpg
DUP : FICO-HOODY-34y.jpg
DUP : FICO-HOODY-35y.jpg
DUP : FICO-HOODY-29y.jpg
DUP : FICO-HOODY-30y.jpg
DUP : FICO-HOODY-31y.jpg
DUP : FICO-HOODY-32y.jpg
DUP : FICO-HOODY-26y.jpg
DUP : FICO-HOODY-27y.jpg
DUP : FICO-HOODY-28y.jpg
DUP : FICO-HOODY-25y.jpg
DUP : FICO-HOODY-24y.jpg
DUP : FICO-HOODY-21y.jpg
DUP : FICO-HOODY-22y.jpg
DUP : FICO-HOODY-23y.jpg
DUP : FICO-HOODY-19y.jpg
DUP : FICO-HOODY-20y.jpg
DUP : FICO-HOODY-17y.jpg
DUP : FICO-HOODY-14y.jpg
DUP : FICO-HOODY-15y.jpg
DUP : FICO-HOODY-16y.jpg
DUP : FICO-HOODY-13y.jpg
DUP : FICO-HOODY-12.jpg
DUP : FICO-MTM-24y.jpg
DUP : FICO-MTM-26y.jpg
DUP : FICO-MTM-25y.jpg
DUP : SNUK_HOODY_35y.jpg
DUP : SNUK_HOODY_37y.jpg
DUP : SNUK_HOODY_38y.jpg
DUP : SNUK_HOODY_39y.jpg
DUP : SNUK_HOODY_34y.jpg
DUP : SNUK_HOODY_25t.jpg
DUP : SNUK_HOODY_13t.jpg
DUP : SNUK_HOODY_09t.jpg
DUP : SNUK_HOODY_07t.jpg
DUP : SNUK_HOODY_10t.jpg
DUP : SNUK_HOODY_05q.jpg
DUP : SNUK_HOODY_07q.jpg
DUP : SNUK_HOODY_08q.jpg
DUP : SNUK_HOODY_03q.jpg
DUP : FICO-HOODY-10q.jpg
DUP : FICO-HOODY-12q.jpg
DUP : FICO-HOODY-09q.jpg
DUP : FICO-HOODY-11q.jpg
DUP : FICO-HOODY-03q.jpg
DUP : FICO-HOODY-01q.jpg
DUP : DOCH-UNCLE_HOODY_06q.jpg
DUP : FICO-HOODY-38.jpg
DUP : DMK_HOODY_89.jpg
DUP : Black-Lucifer-HOODY_02q.jpg
DUP : FICO-HOODY-41y.jpg
DUP : FICO-HOODY-40y.jpg
DUP : FICO-HOODY-07q.jpg
DUP : FICO-HOODY-06q.jpg
DUP : FICO-HOODY-08q.jpg
DUP : FICO-HOODY-02q.jpg
DUP : Camten-hoody-51.jpg
DUP : RODUCK_HOODY_12Q.jpg
DUP : DMK_HOODY_116.jpg
DUP : Camten-hoody-16.jpg
DUP : Camten-hoody-15.jpg
DUP : FICO-HOODY-40.jpg
DUP : Camten-hoody-22.jpg
DUP : Camten-hoody-17.jpg
DUP : Camten-hoody-13.jpg
DUP : Camten-hoody-14.jpg
DUP : DMK_HOODY_107.jpg
DUP : AMIANG_HOODY_27g.jpg
DUP : AMIANG_HOODY_28g.jpg
DUP : AMIANG_HOODY_24g.jpg
DUP : AMIANG_HOODY_32g.jpg
DUP : AMIANG_HOODY_33g.jpg
DUP : AMIANG_HOODY_29g.jpg
DUP : AMIANG_HOODY_34g.jpg
DUP : AMIANG_HOODY_30g.jpg
DUP : AMIANG_HOODY_31g.jpg
DUP : FICO-HOODY-18.jpg
DUP : AMIANG_HOODY_21.jpg
DUP : AMIANG_HOODY_19.jpg
DUP : AMIANG_HOODY_09g.jpg
DUP : AMIANG_HOODY_04g.jpg
DUP : AMIANG_HOODY_01g.jpg
DUP : AMIANG_HOODY_18.jpg
DUP : Camten-hoody-01.jpg
DUP : Camten-hoody-04.jpg
DUP : WOOPS_HOODY_73g.jpg
DUP : WOOPS_HOODY_77a.jpg
DUP : WOOPS_HOODY_05g.jpg
DUP : Camten-hoody-07.jpg
DUP : WOOPS_HOODY_91g.jpg
DUP : WOOPS_HOODY_96g.jpg
DUP : WOOPS_HOODY_95g.jpg
DUP : RUNCH-HOODY-33r.jpg
DUP : WOOPS_HOODY_99g.jpg
DUP : DMK_HOODY_34.jpg
DUP : SHARK-DOG-HOODY-02.jpg
DUP : FICO-HOODY-09.jpg
DUP : RUNCH-HOODY-37r.jpg
DUP : WOOPS_HOODY_36.jpg
DUP : RUNCH-HOODY-04.jpg
DUP : RUNCH-HOODY-32r.jpg
DUP : RUNCH-HOODY-29r.jpg
DUP : RUNCH-HOODY-31r.jpg
DUP : RUNCH-HOODY-30r.jpg
DUP : RUNCH-HOODY-28r.jpg
DUP : RUNCH-HOODY-25r.jpg
DUP : RUNCH-HOODY-26r.jpg
DUP : RUNCH-HOODY-23r.jpg
DUP : RUNCH-HOODY-22r.jpg
DUP : Bike-rabbit_HOODY_18.jpg
DUP : WOOPS_HOODY_29s.jpg
DUP : RUNCH-HOODY-16R.jpg
DUP : RUNCH-HOODY-18R.jpg
DUP : RUNCH-HOODY-12r.jpg
DUP : RUNCH-HOODY-11r.jpg
DUP : RUNCH-HOODY-07r.jpg
DUP : RUNCH-HOODY-09r.jpg
DUP : RUNCH-HOODY-05r.jpg
DUP : RUNCH-HOODY-06r.jpg
DUP : RUNCH-HOODY-01f.jpg
DUP : RUNCH-HOODY-02.jpg
DUP : RUNCH-HOODY-03.jpg
DUP : RUNCH-HOODY-42.jpg
DUP : LK-AFRICA_HOODY_29.jpg
DUP : LK-AFRICA_HOODY_30.jpg
DUP : LK-AFRICA_HOODY_15.jpg
DUP : Antonio-pirates_HOODY_08q.jpg
DUP : WOOPS_HOODY_09Q.jpg
DUP : DMK_HOODY_117.jpg
DUP : DMK_HOODY_99.jpg
DUP : DMK_HOODY_93.jpg
DUP : DMK_HOODY_100.jpg
DUP : DMK_HOODY_81.jpg
DUP : ALLY_HOODY_19d.jpg
DUP : Bike-rabbit_HOODY_24.jpg
DUP : FICO-HOODY-13.jpg
DUP : Bike-rabbit_HOODY_25.jpg
DUP : Bike-rabbit_HOODY_29q.jpg
DUP : URAZ_HOODY_08.jpg
DUP : RUNCH-HOODY-27.jpg
DUP : Bike-rabbit_HOODY_20Q.jpg
DUP : RODUCK_HOODY_05q.jpg
DUP : FICO-HOODY-35.jpg
DUP : WOOPS_HOODY_56e.jpg
DUP : WOOPS_HOODY_34e.jpg
DUP : DMK_HOODY_28Q.jpg
DUP : Bike-rabbit_HOODY_13.jpg
DUP : Bike-rabbit_HOODY_33q.jpg
DUP : Bike-rabbit_HOODY_35r.jpg
DUP : LK-AFRICA_HOODY-07.jpg
DUP : FICO-HOODY-30.jpg
DUP : WOOPS_HOODY_42e.jpg
DUP : Graffiti-tree_HOODY_05q.jpg
DUP : WOOPS_HOODY_46e.jpg
DUP : DOCH-UNCLE_HOODY_08q.jpg
DUP : Bike-rabbit_HOODY_25q.jpg
DUP : WOOPS_HOODY_37.jpg
DUP : FICO-HOODY-29.jpg
DUP : Bike-rabbit_HOODY_23Q.jpg
DUP : Bike-rabbit_HOODY_30q.jpg
DUP : RODUCK_HOODY_12.jpg
DUP : FICO-HOODY-31.jpg
DUP : SHARK-DOG-HOODY-140r.jpg
DUP : SHARK-DOG-HOODY-141r.jpg
DUP : SHARK-DOG-HOODY-142r.jpg
DUP : SHARK-DOG-HOODY-143r.jpg
DUP : SHARK-DOG-HOODY-138r.jpg
DUP : SHARK-DOG-HOODY-136r.jpg
DUP : SHARK-DOG-HOODY-137r.jpg
DUP : SHARK-DOG-HOODY-139r.jpg
DUP : SHARK-DOG-HOODY-96y.jpg
DUP : RUNCH-HOODY-08r.jpg
DUP : SHARK-DOG-HOODY-121y.jpg
DUP : WOOPS_HOODY_55e.jpg
DUP : WOOPS_HOODY_89g.jpg
DUP : DMK_HOODY_113.jpg
DUP : LightSpear_HOODY_01.jpg
DUP : DMK_HOODY_103.jpg
DUP : WOOPS_HOODY_51e.jpg
DUP : DMK_HOODY_72.jpg
DUP : SHARK-DOG-HOODY-31y.jpg
DUP : SHARK-DOG-HOODY-93y.jpg
DUP : SHARK-DOG-HOODY-135y.jpg
DUP : SHARK-DOG-HOODY-132y.jpg
DUP : SHARK-DOG-HOODY-133y.jpg
DUP : SHARK-DOG-HOODY-129y.jpg
DUP : SHARK-DOG-HOODY-130y.jpg
DUP : SHARK-DOG-HOODY-131y.jpg
DUP : SHARK-DOG-HOODY-127k.jpg
DUP : SHARK-DOG-HOODY-123y.jpg
DUP : SHARK-DOG-HOODY-119y.jpg
DUP : SHARK-DOG-HOODY-120y.jpg
DUP : SHARK-DOG-HOODY-89y.jpg
DUP : SHARK-DOG-HOODY-32y.jpg
DUP : SHARK-DOG-HOODY-115y.jpg
DUP : SHARK-DOG-HOODY-117y.jpg
DUP : SHARK-DOG-HOODY-114y.jpg
DUP : SHARK-DOG-HOODY-111y.jpg
DUP : SHARK-DOG-HOODY-112y.jpg
DUP : SHARK-DOG-HOODY-113y.jpg
DUP : SHARK-DOG-HOODY-100y.jpg
DUP : SHARK-DOG-HOODY-108y.jpg
DUP : SHARK-DOG-HOODY-109y.jpg
DUP : SHARK-DOG-HOODY-110y.jpg
DUP : SHARK-DOG-HOODY-107y.jpg
DUP : SHARK-DOG-HOODY-104y.jpg
DUP : SHARK-DOG-HOODY-105y.jpg
DUP : SHARK-DOG-HOODY-106y.jpg
DUP : SHARK-DOG-HOODY-103y.jpg
DUP : SHARK-DOG-HOODY-99y.jpg
DUP : SHARK-DOG-HOODY-101y.jpg
DUP : SHARK-DOG-HOODY-102y.jpg
DUP : SHARK-DOG-HOODY-95y.jpg
DUP : SHARK-DOG-HOODY-97y.jpg
DUP : SHARK-DOG-HOODY-98y.jpg
DUP : SHARK-DOG-HOODY-92y.jpg
DUP : SHARK-DOG-HOODY-94y.jpg
DUP : SHARK-DOG-HOODY-88y.jpg
DUP : SHARK-DOG-HOODY-85y.jpg
DUP : SHARK-DOG-HOODY-86y.jpg
DUP : SHARK-DOG-HOODY-87y.jpg
DUP : SHARK-DOG-HOODY-84y.jpg
DUP : SHARK-DOG-HOODY-42y.jpg
DUP : SHARK-DOG-HOODY-43y.jpg
DUP : SHARK-DOG-HOODY-45y.jpg
DUP : SHARK-DOG-HOODY-39y.jpg
DUP : SHARK-DOG-HOODY-38y.jpg
DUP : SHARK-DOG-HOODY-36q.jpg
DUP : SHARK-DOG-HOODY-37q.jpg
DUP : SHARK-DOG-HOODY-34q.jpg
DUP : SHARK-DOG-HOODY-33y.jpg
DUP : SHARK-DOG-HOODY-29y.jpg
DUP : SHARK-DOG-HOODY-26y.jpg
DUP : SHARK-DOG-HOODY-27y.jpg
DUP : SHARK-DOG-HOODY-28y.jpg
DUP : SHARK-DOG-HOODY-23y.jpg
DUP : SHARK-DOG-HOODY-24y.jpg
DUP : SHARK-DOG-HOODY-25y.jpg
DUP : SHARK-DOG-HOODY-22y.jpg
DUP : SHARK-DOG-HOODY-09y.jpg
DUP : SHARK-DOG-HOODY-16y.jpg
DUP : SHARK-DOG-HOODY-17y.jpg
DUP : SHARK-DOG-HOODY-14y.jpg
DUP : SHARK-DOG-HOODY-15y.jpg
DUP : SHARK-DOG-HOODY-126k.jpg
DUP : SHARK-DOG-HOODY-11y.jpg
DUP : SHARK-DOG-HOODY-12y.jpg
DUP : SNUK_HOODY_33.jpg
DUP : SHARK-DOG-HOODY-06y.jpg
DUP : SHARK-DOG-HOODY-07y.jpg
DUP : SHARK-DOG-HOODY-08y.jpg
DUP : SHARK-DOG-HOODY-03y.jpg
DUP : SHARK-DOG-HOODY-01y.jpg
DUP : SHARK-DOG-HOODY-02y.jpg
DUP : SHARK-DOG-HOODY-124y.jpg
DUP : SHARK-DOG-HOODY-125y.jpg
DUP : SHARK-DOG-HOODY-126y.jpg
DUP : FICO-HOODY-55y.jpg
DUP : FICO-HOODY-57y.jpg
DUP : FICO-HOODY-54y.jpg
DUP : FICO-HOODY-52y.jpg
DUP : FICO-HOODY-51y.jpg
DUP : FICO-HOODY-45y.jpg
DUP : FICO-HOODY-46y.jpg
DUP : FICO-HOODY-48y.jpg
DUP : FICO-HOODY-42y.jpg
DUP : FICO-HOODY-43y.jpg
DUP : FICO-HOODY-44y.jpg
DUP : FICO-HOODY-39y.jpg
DUP : FICO-HOODY-36y.jpg
DUP : FICO-HOODY-34y.jpg
DUP : FICO-HOODY-35y.jpg
DUP : FICO-HOODY-29y.jpg
DUP : FICO-HOODY-30y.jpg
DUP : FICO-HOODY-31y.jpg
DUP : FICO-HOODY-32y.jpg
DUP : FICO-HOODY-26y.jpg
DUP : FICO-HOODY-27y.jpg
DUP : FICO-HOODY-28y.jpg
DUP : FICO-HOODY-25y.jpg
DUP : FICO-HOODY-24y.jpg
DUP : FICO-HOODY-21y.jpg
DUP : FICO-HOODY-22y.jpg
DUP : FICO-HOODY-23y.jpg
DUP : FICO-HOODY-19y.jpg
DUP : FICO-HOODY-20y.jpg
DUP : FICO-HOODY-17y.jpg
DUP : FICO-HOODY-14y.jpg
DUP : FICO-HOODY-15y.jpg
DUP : FICO-HOODY-16y.jpg
DUP : FICO-HOODY-13y.jpg
DUP : FICO-HOODY-12.jpg
DUP : FICO-MTM-24y.jpg
DUP : FICO-MTM-26y.jpg
DUP : FICO-MTM-25y.jpg
DUP : SNUK_HOODY_35y.jpg
DUP : SNUK_HOODY_37y.jpg
DUP : SNUK_HOODY_38y.jpg
DUP : SNUK_HOODY_39y.jpg
DUP : SNUK_HOODY_34y.jpg
DUP : SNUK_HOODY_25t.jpg
DUP : SNUK_HOODY_13t.jpg
DUP : SNUK_HOODY_09t.jpg
DUP : SNUK_HOODY_07t.jpg
DUP : SNUK_HOODY_10t.jpg
DUP : SNUK_HOODY_05q.jpg
DUP : SNUK_HOODY_07q.jpg
DUP : SNUK_HOODY_08q.jpg
DUP : SNUK_HOODY_03q.jpg
DUP : FICO-HOODY-10q.jpg
DUP : FICO-HOODY-12q.jpg
DUP : FICO-HOODY-09q.jpg
DUP : FICO-HOODY-11q.jpg
DUP : FICO-HOODY-03q.jpg
DUP : FICO-HOODY-01q.jpg
DUP : DOCH-UNCLE_HOODY_06q.jpg
DUP : FICO-HOODY-38.jpg
DUP : DMK_HOODY_89.jpg
DUP : Black-Lucifer-HOODY_02q.jpg
DUP : FICO-HOODY-41y.jpg
DUP : FICO-HOODY-40y.jpg
DUP : FICO-HOODY-07q.jpg
DUP : FICO-HOODY-06q.jpg
DUP : FICO-HOODY-08q.jpg
DUP : FICO-HOODY-02q.jpg
DUP : Camten-hoody-51.jpg
DUP : RODUCK_HOODY_12Q.jpg
DUP : DMK_HOODY_116.jpg
DUP : Camten-hoody-16.jpg
DUP : Camten-hoody-15.jpg
DUP : FICO-HOODY-40.jpg
DUP : Camten-hoody-22.jpg
DUP : Camten-hoody-17.jpg
DUP : Camten-hoody-13.jpg
DUP : Camten-hoody-14.jpg
DUP : DMK_HOODY_107.jpg
DUP : AMIANG_HOODY_27g.jpg
DUP : AMIANG_HOODY_28g.jpg
DUP : AMIANG_HOODY_24g.jpg
DUP : AMIANG_HOODY_32g.jpg
DUP : AMIANG_HOODY_33g.jpg
DUP : AMIANG_HOODY_29g.jpg
DUP : AMIANG_HOODY_34g.jpg
DUP : AMIANG_HOODY_30g.jpg
DUP : AMIANG_HOODY_31g.jpg
DUP : FICO-HOODY-18.jpg
DUP : AMIANG_HOODY_21.jpg
DUP : AMIANG_HOODY_19.jpg
DUP : AMIANG_HOODY_09g.jpg
DUP : AMIANG_HOODY_04g.jpg
DUP : AMIANG_HOODY_01g.jpg
DUP : AMIANG_HOODY_18.jpg
DUP : Camten-hoody-01.jpg
DUP : Camten-hoody-04.jpg
DUP : WOOPS_HOODY_73g.jpg
DUP : WOOPS_HOODY_77a.jpg
DUP : WOOPS_HOODY_05g.jpg
DUP : Camten-hoody-07.jpg
DUP : WOOPS_HOODY_91g.jpg
DUP : WOOPS_HOODY_96g.jpg
DUP : WOOPS_HOODY_95g.jpg
DUP : RUNCH-HOODY-33r.jpg
DUP : WOOPS_HOODY_99g.jpg
DUP : DMK_HOODY_34.jpg
DUP : SHARK-DOG-HOODY-02.jpg
DUP : FICO-HOODY-09.jpg
DUP : RUNCH-HOODY-37r.jpg
DUP : WOOPS_HOODY_36.jpg
DUP : RUNCH-HOODY-04.jpg
DUP : RUNCH-HOODY-32r.jpg
DUP : RUNCH-HOODY-29r.jpg
DUP : RUNCH-HOODY-31r.jpg
DUP : RUNCH-HOODY-30r.jpg
DUP : RUNCH-HOODY-28r.jpg
DUP : RUNCH-HOODY-25r.jpg
DUP : RUNCH-HOODY-26r.jpg
DUP : RUNCH-HOODY-23r.jpg
DUP : RUNCH-HOODY-22r.jpg
DUP : Bike-rabbit_HOODY_18.jpg
DUP : WOOPS_HOODY_29s.jpg
DUP : RUNCH-HOODY-16R.jpg
DUP : RUNCH-HOODY-18R.jpg
DUP : RUNCH-HOODY-12r.jpg
DUP : RUNCH-HOODY-11r.jpg
DUP : RUNCH-HOODY-07r.jpg
DUP : RUNCH-HOODY-09r.jpg
DUP : RUNCH-HOODY-05r.jpg
DUP : RUNCH-HOODY-06r.jpg
DUP : RUNCH-HOODY-01f.jpg
DUP : RUNCH-HOODY-02.jpg
DUP : RUNCH-HOODY-03.jpg
DUP : RUNCH-HOODY-42.jpg
DUP : LK-AFRICA_HOODY_29.jpg
DUP : LK-AFRICA_HOODY_30.jpg
DUP : LK-AFRICA_HOODY_15.jpg
DUP : Antonio-pirates_HOODY_08q.jpg
DUP : WOOPS_HOODY_09Q.jpg
DUP : DMK_HOODY_117.jpg
DUP : DMK_HOODY_99.jpg
DUP : DMK_HOODY_93.jpg
DUP : DMK_HOODY_100.jpg
DUP : DMK_HOODY_81.jpg
DUP : ALLY_HOODY_19d.jpg
DUP : Bike-rabbit_HOODY_24.jpg
DUP : FICO-HOODY-13.jpg
DUP : Bike-rabbit_HOODY_25.jpg
DUP : Bike-rabbit_HOODY_29q.jpg
DUP : URAZ_HOODY_08.jpg
DUP : RUNCH-HOODY-27.jpg
DUP : Bike-rabbit_HOODY_20Q.jpg
DUP : RODUCK_HOODY_05q.jpg
DUP : FICO-HOODY-35.jpg
DUP : WOOPS_HOODY_56e.jpg
DUP : WOOPS_HOODY_34e.jpg
DUP : DMK_HOODY_28Q.jpg
DUP : Bike-rabbit_HOODY_13.jpg
DUP : Bike-rabbit_HOODY_33q.jpg
DUP : Bike-rabbit_HOODY_35r.jpg
DUP : LK-AFRICA_HOODY-07.jpg
DUP : FICO-HOODY-30.jpg
DUP : WOOPS_HOODY_42e.jpg
DUP : Graffiti-tree_HOODY_05q.jpg
DUP : WOOPS_HOODY_46e.jpg
DUP : DOCH-UNCLE_HOODY_08q.jpg
DUP : Bike-rabbit_HOODY_25q.jpg
DUP : WOOPS_HOODY_37.jpg
DUP : FICO-HOODY-29.jpg
DUP : Bike-rabbit_HOODY_23Q.jpg
DUP : Bike-rabbit_HOODY_30q.jpg
DUP : RODUCK_HOODY_12.jpg
DUP : FICO-HOODY-31.jpg
DUP : FICO-HOODY-51.jpg
DUP : URAZ_HOODY_12.jpg
DUP : WOOPS_HOODY_38e.jpg
DUP : FICO-HOODY-17.jpg
DUP : FICO-HOODY-58.jpg
DUP : Bike-rabbit_HOODY_30r.jpg
DUP : Bike-rabbit_HOODY_01q.jpg
DUP : DMK_HOODY_75.jpg
DUP : WOOPS_HOODY_61e.jpg
DUP : RODUCK_HOODY_03q.jpg
DUP : LK-AFRICA_HOODY-06.jpg
DUP : Bike-rabbit_HOODY_26.jpg
DUP : WOOPS_HOODY_58e.jpg
DUP : FICO-HOODY-41.jpg
DUP : Shake-PAP_HOODY_07.jpg
DUP : Graffiti-tree_HOODY_03q.jpg
DUP : SNUK_HOODY_06.jpg
DUP : FICO-HOODY-04.jpg
DUP : Bike-rabbit_HOODY_16q.jpg
DUP : WOOPS_HOODY_31.jpg
DUP : Graffiti-tree_HOODY_07.jpg
DUP : URAZ_HOODY_01.jpg
DUP : DMK_HOODY_40.jpg
DUP : LK-AFRICA_HOODY-08.jpg
DUP : LK-AFRICA_HOODY-03.jpg
DUP : DITTO-08.jpg
DUP : URAZ_HOODY_11.jpg
DUP : WOOPS_HOODY_57.jpg
DUP : WOOPS_HOODY_32.jpg
DUP : RUNCH-HOODY-08.jpg
DUP : Bike-rabbit_HOODY_29r.jpg
DUP : FICO-HOODY-27.jpg
DUP : FICO-HOODY-45.jpg
DUP : Bike-rabbit_HOODY_12q.jpg
DUP : ALLY_HOODY_05s.jpg
DUP : WOOPS_HOODY_34.jpg
DUP : FICO-HOODY-34.jpg
DUP : LK-AFRICA_HOODY-04.jpg
DUP : DMK_HOODY_28.jpg
DUP : FICO-HOODY-50.jpg
DUP : SHARK-DOG-HOODY-06.jpg
DUP : Bike-rabbit_HOODY_28q.jpg
DUP : WOOPS_HOODY_53e.jpg
DUP : WOOPS_HOODY_33e.jpg
DUP : FICO-HOODY-37.jpg
DUP : SHARK-DOG-HOODY-01.jpg
DUP : Crown5_HOODY_01.jpg
DUP : Bike-rabbit_HOODY_17q.jpg
DUP : WOOPS_HOODY_36e.jpg
DUP : WOOPS_HOODY_41e.jpg
DUP : WOOPS_HOODY_54e.jpg
DUP : Bike-rabbit_HOODY_32q.jpg
DUP : Bike-rabbit_HOODY_18q.jpg
DUP : Bike-rabbit_HOODY_21Q.jpg
DUP : URAZ_HOODY_04.jpg
DUP : Bike-rabbit_HOODY_31q.jpg
DUP : FICO-HOODY-48.jpg
DUP : FICO-HOODY-15.jpg
DUP : DMK_HOODY_69.jpg
DUP : RODUCK_HOODY_09q.jpg
DUP : SNUK_HOODY_08.jpg
DUP : RODUCK_HOODY_08q.jpg
DUP : URAZ_HOODY_07.jpg
DUP : DMK_HOODY_76.jpg
DUP : LK-AFRICA_HOODY-05.jpg
DUP : WOOPS_HOODY_33.jpg
DUP : FICO-HOODY-03.jpg
DUP : Bike-rabbit_HOODY_15q.jpg
DUP : FICO-HOODY-39.jpg
DUP : WOOPS_HOODY_49e.jpg
DUP : URAZ_HOODY_09.jpg
DUP : Antonio-pirates_HOODY_07q.jpg
DUP : WOOPS_HOODY_35e.jpg
DUP : Bike-rabbit_HOODY_33r.jpg
DUP : FICO-HOODY-11.jpg
DUP : Bike-rabbit_HOODY_11q.jpg
DUP : Antonio-pirates_HOODY_06q.jpg
DUP : WOOPS_HOODY_58.jpg
DUP : WOOPS_HOODY_39e.jpg
DUP : Bike-rabbit_HOODY_32r.jpg
DUP : RUNCH-HOODY-41.jpg
DUP : FICO-HOODY-08.jpg
DUP : S_HOODY_09.jpg
DUP : WOOPS_HOODY_39.jpg
DUP : Bike-rabbit_HOODY_26q.jpg
DUP : DMK_HOODY_33.jpg
DUP : SNUK_HOODY_32.jpg
DUP : RODUCK_HOODY_11q.jpg
DUP : WOOPS_HOODY_05q.jpg
DUP : ALLY_HOODY_12a.jpg
DUP : DMK_HOODY_62.jpg
DUP : WOOPS_HOODY_59e.jpg
DUP : Bike-rabbit_HOODY_13q.jpg
DUP : FICO-HOODY-43.jpg
DUP : DMK_HOODY_26q.jpg
DUP : Bike-rabbit_HOODY_24q.jpg
DUP : URAZ_HOODY_10.jpg
DUP : FICO-HOODY-02.jpg
DUP : DMK_HOODY_48.jpg
DUP : RAVEN_HOODY_08a.jpg
DUP : WOOPS_HOODY_55.jpg
DUP : DMK_HOODY_04.jpg
DUP : WOOPS_HOODY_43e.jpg
DUP : FICO-HOODY-42.jpg
DUP : ANTONIO-PIRATE_HOODY_09.jpg
DUP : FICO-HOODY-36.jpg
DUP : ALLY_HOODY_10a.jpg
DUP : WOOPS_HOODY_06q.jpg
DUP : DMK_HOODY_51.jpg
DUP : FICO-HOODY-20.jpg
DUP : RUNCH-HOODY-41Q.jpg
DUP : WOOPS_HOODY_60.jpg
DUP : DMK_HOODY_50.jpg
DUP : Graffiti-tree_HOODY_04q.jpg
DUP : WOOPS_HOODY_52e.jpg
DUP : Shake-PAP_HOODY_05q.jpg
DUP : Bike-rabbit_HOODY_22Q.jpg
DUP : DMK_HOODY_78.jpg
DUP : Shake-PAP_HOODY_01q.jpg
DUP : DMK_HOODY_67.jpg
DUP : WOOPS_HOODY_69.jpg
DUP : FICO-HOODY-22.jpg
DUP : WOOPS_HOODY_65.jpg
DUP : WOOPS_HOODY_66.jpg
DUP : WOOPS_HOODY_107.jpg
DUP : URAZ_HOODY_05.jpg
DUP : WOOPS_HOODY_59.jpg
DUP : FICO-HOODY-06.jpg
DUP : S_HOODY_07.jpg
DUP : WOOPS_HOODY_48e.jpg
DUP : DMK_HOODY_30.jpg
DUP : WOOPS_HOODY_30s.jpg
DUP : LK-AFRICA_HOODY-09.jpg
DUP : ALLY_HOODY_14s.jpg
DUP : ALLY_HOODY_04s.jpg
DUP : Bike-rabbit_HOODY_34r.jpg
DUP : WOOPS_HOODY_47e.jpg
DUP : WOOPS_HOODY_44e.jpg
DUP : DMK_HOODY_60.jpg
DUP : FICO-HOODY-01.jpg
DUP : URAZ_HOODY_03.jpg
DUP : Bike-rabbit_HOODY_23.jpg
DUP : WOOPS_HOODY_29.jpg
DUP : Bike-rabbit_HOODY_16.jpg
DUP : WOOPS_HOODY_03q.jpg
DUP : Bike-rabbit_HOODY_19Q.jpg
DUP : DMK_HOODY_52.jpg
DUP : LK-AFRICA_HOODY-10Q.jpg
DUP : Bike-rabbit_HOODY_27q.jpg
DUP : Black-Lucifer-HOODY_02.jpg
DUP : DMK_HOODY_39.jpg
DUP : LK-AFRICA_HOODYs-10.jpg
DUP : DMK_HOODY_83.jpg
DUP : ALLY_HOODY_13s.jpg
DUP : Ninja-talyor_HOODY_01a.jpg
DUP : ALLY_HOODY_08s.jpg
DUP : ALLY_HOODY_07s.jpg
DUP : WOOPS_HOODY_02q.jpg
DUP : Bike-rabbit_HOODY_10q.jpg
DUP : WOOPS_HOODY_67.jpg
DUP : DMK_HOODY_58.jpg
DUP : Shake-PAP_HOODY_02q.jpg
DUP : SHARK-DOG-HOODY-07.jpg
DUP : WOOPS_HOODY_10s.jpg
DUP : ALLY_HOODY_02s.jpg
DUP : ALLY_HOODY_09a.jpg
DUP : FICO-HOODY-57.jpg
DUP : DMK_HOODY_57.jpg
DUP : DMK_HOODY_59.jpg
DUP : DMK_HOODY_77.jpg
DUP : ALLY_HOODY_06s.jpg
DUP : DMK_HOODY_87.jpg
DUP : DMK_HOODY_38.jpg
DUP : DMK_HOODY_82.jpg
DUP : DMK_HOODY_84.jpg
DUP : DMK_HOODY_88.jpg
DUP : ALLY_HOODY_17d.jpg
DUP : ALLY_HOODY_18d.jpg
DUP : DMK_HOODY_85.jpg
DUP : DMK_HOODY_91.jpg
DUP : DMK_HOODY_92.jpg
DUP : DMK_HOODY_95.jpg
DUP : DMK_HOODY_97.jpg
DUP : SNUK_HOODY_02.jpg
DUP : DMK_HOODY_96.jpg
DUP : DMK_HOODY_102.jpg
DUP : DMK_HOODY_106.jpg
DUP : DMK_HOODY_109.jpg
DUP : DMK_HOODY_115.jpg
DUP : DMK_HOODY_114.jpg
DUP : DMK_HOODY_63.jpg
DUP : WOOPS_HOODY_07Q.jpg
DUP : DMK_HOODY_36.jpg
DUP : DMK_HOODY_122.jpg
DUP : DMK_HOODY_119.jpg
DUP : DMK_HOODY_64.jpg
DUP : DMK_HOODY_90.jpg
DUP : DMK_HOODY_124.jpg
DUP : DMK_HOODY_125.jpg
DUP : Lily-hoody-04.jpg
DUP : SHARK-DOG-HOODY-08.jpg
DUP : Lily-hoody-01.jpg
DUP : Lily-hoody-06.jpg
DUP : Lily-hoody-05.jpg
DUP : Bike-rabbit_HOODY_17.jpg
DUP : Lily-hoody-09.jpg
DUP : Lily-hoody-14.jpg
DUP : Lily-hoody-08.jpg
DUP : Lily-hoody-17.jpg
DUP : Lily-hoody-19.jpg
DUP : Lily-hoody-27.jpg
DUP : Lily-hoody-28.jpg
DUP : Lily-hoody-23.jpg
DUP : Lily-hoody-22.jpg
DUP : Lily-hoody-25.jpg
DUP : WOOPS_HOODY_62.jpg
DUP : Lily-hoody-32.jpg
DUP : Lily-hoody-29.jpg
DUP : Lily-hoody-33.jpg
DUP : Lily-hoody-34.jpg
DUP : LK-AFRICA_HOODY_12.jpg
DUP : LK-AFRICA_HOODY_11.jpg
DUP : LK-AFRICA_HOODY_10.jpg
DUP : LK-AFRICA_HOODY_18.jpg
DUP : LK-AFRICA_HOODY_17.jpg
DUP : LK-AFRICA_HOODY_21.jpg
DUP : LK-AFRICA_HOODY_23.jpg
DUP : LK-AFRICA_HOODY_26.jpg
DUP : LK-AFRICA_HOODY_31.jpg
DUP : LK-AFRICA_HOODY_39.jpg
DUP : LK-AFRICA_HOODY_25.jpg
DUP : RUNCH-HOODY-04r.jpg
DUP : RUNCH-HOODY-15r.jpg
DUP : RUNCH-HOODY-13r.jpg
DUP : RUNCH-HOODY-17R.jpg
DUP : RUNCH-HOODY-14r.jpg
DUP : RUNCH-HOODY-21r.jpg
DUP : RUNCH-HOODY-19r.jpg
DUP : RUNCH-HOODY-27r.jpg
DUP : RUNCH-HOODY-20r.jpg
DUP : DMK_HOODY_110.jpg
DUP : RUNCH-HOODY-39r.jpg
DUP : DMK_HOODY_03.jpg
DUP : RUNCH-HOODY-36r.jpg
DUP : LK-AFRICA_HOODY_13.jpg
DUP : DMK_HOODY_66.jpg
DUP : WOOPS_HOODY_01q.jpg
DUP : Lily-hoody-31.jpg
DUP : RODUCK_HOODY_06q.jpg
DUP : DMK_HOODY_121.jpg
DUP : DMK_HOODY_01.jpg
DUP : RAVEN_HOODY_11a.jpg
DUP : WOOPS_HOODY_40.jpg
DUP : RUNCH-HOODY-35r.jpg
DUP : DMK_HOODY_79.jpg
DUP : Black-Lucifer-HOODY_03q.jpg
DUP : FICO-HOODY-16.jpg
DUP : LK-AFRICA_HOODY_43.jpg
DUP : RUNCH-HOODY-38r.jpg
DUP : ALLY_HOODY_19.jpg
DUP : SNUK_HOODY_04.jpg
DUP : LK-AFRICA_HOODY_24.jpg
DUP : Lily-hoody-03.jpg
DUP : WOOPS_HOODY_61.jpg
DUP : FICO-HOODY-19.jpg
DUP : FICO-HOODY-07.jpg
DUP : RUNCH-HOODY-24r.jpg
DUP : ALLY_HOODY_16s.jpg
DUP : DMK_HOODY_74.jpg
DUP : DITTO_HOODY_10.jpg
DUP : RODUCK_HOODY_10q.jpg
DUP : RUNCH-HOODY-40r.jpg
DUP : DMK_HOODY_120.jpg
DUP : Lily-hoody-12.jpg
DUP : Lily-hoody-07.jpg
DUP : FICO-HOODY-44.jpg
DUP : ALLY_HOODY_19Q.jpg
DUP : RUNCH-HOODY-34r.jpg
DUP : RODUCK_HOODY_07q.jpg
DUP : URAZ_HOODY_06.jpg
DUP : DMK_HOODY_70.jpg
DUP : Lily-hoody-30.jpg
DUP : RAVEN_HOODY_06a.jpg
DUP : FICO-HOODY-32.jpg
DUP : DMK_HOODY_86.jpg
DUP : DMK_HOODY_123.jpg
DUP : FICO-HOODY-23.jpg
DUP : DMK_HOODY_108.jpg
DUP : WOOPS_HOODY_57e.jpg
DUP : RAVEN_HOODY_10a.jpg
DUP : WOOPS_HOODY_32e.jpg
DUP : RUNCH-HOODY-01.jpg
DUP : WOOPS_HOODY_04q.jpg
DUP : DMK_HOODY_73.jpg
DUP : DOCH-UNCLE_HOODY_11.jpg
DUP : LK-AFRICA_HOODY_32.jpg
DUP : DMK_HOODY_46.jpg
DUP : SNUK_HOODY_14.jpg
DUP : FICO-HOODY-26.jpg
DUP : WOOPS_HOODY_37e.jpg
DUP : Lily-hoody-13.jpg
DUP : SHARK-DOG-HOODY-03.jpg
DUP : FICO-HOODY-25.jpg
DUP : RODUCK_HOODY_01q.jpg
DUP : WOOPS_HOODY_60e.jpg
DUP : FICO-HOODY-21.jpg
DUP : RAVEN_HOODY_09a.jpg
DUP : LK-AFRICA_HOODY_38.jpg
DUP : DMK_HOODY_71.jpg
DUP : Lily-hoody-16.jpg
DUP : Lily-hoody-24.jpg
DUP : DMK_HOODY_41.jpg
DUP : WOOPS_HOODY_63.jpg
DUP : LK-AFRICA_HOODY_28.jpg
DUP : RUNCH-HOODY-10r.jpg
DUP : LK-AFRICA_HOODY_37.jpg
DUP : DMK_HOODY_37.jpg
DUP : ALLY_HOODY_11a.jpg
DUP : DMK_HOODY_54.jpg
DUP : RAVEN_HOODY_07a.jpg
DUP : SNUK_HOODY_12.jpg
DUP : RODUCK_HOODY_02q.jpg
DUP : Lily-hoody-10.jpg
DUP : WOOPS_HOODY_45e.jpg
DUP : DMK_HOODY_118.jpg
DUP : WOOPS_HOODY_30.jpg
DUP : DMK_HOODY_80.jpg
DUP : FICO-HOODY-10.jpg
DUP : DMK_HOODY_65.jpg
DUP : Graffiti-tree_HOODY_06q.jpg
DUP : LK-AFRICA_HOODY_40.jpg
DUP : SNUK_HOODY_15.jpg
DUP : FICO-HOODY-33.jpg
DUP : FICO-HOODY-05.jpg
DUP : LK-AFRICA_HOODY_34.jpg
DUP : LK-AFRICA_HOODY_19.jpg
DUP : LK-AFRICA_HOODY_42.jpg
DUP : LK-AFRICA_HOODY_36.jpg
DUP : LK-AFRICA_HOODY_35.jpg
DUP : Bike-rabbit_HOODY_37.jpg
DUP : LK-AFRICA_HOODY_16.jpg
DUP : DMK_HOODY_101.jpg
DUP : Lily-hoody-15.jpg
DUP : FICO-HOODY-24.jpg
DUP : FICO-HOODY-28.jpg
DUP : DMK_HOODY_104.jpg
DUP : Shake-PAP_HOODY_03q.jpg
DUP : Shake-PAP_HOODY_04q.jpg
DUP : ALLY_HOODY_03s.jpg
DUP : Lily-hoody-02.jpg
DUP : WOOPS_HOODY_40e.jpg
DUP : Bike-rabbit_HOODY_14q.jpg
DUP : URAZ_HOODY_02.jpg
DUP : LK-AFRICA_HOODY_20.jpg
DUP : WOOPS_HOODY_56.jpg
DUP : ALLY_HOODY_01s.jpg
DUP : Lily-hoody-26.jpg
DUP : WOOPS_HOODY_50e.jpg
DUP : FICO-HOODY-46.jpg
DUP : Lily-hoody-35.jpg
DUP : LK-AFRICA_HOODY_22.jpg
DUP : Lily-hoody-36.jpg
DUP : LK-AFRICA_HOODY_41.jpg
DUP : LK-AFRICA_HOODY_33.jpg
DUP : Bike-rabbit_HOODY_01.jpg
DUP : Bike-rabbit_HOODY_28r.jpg
DUP : DMK_HOODY_49.jpg
DUP : DMK_HOODY_61.jpg
DUP : Bike-rabbit_HOODY_27r.jpg
DUP : 챔피온S700후드티.jpg
DUP : [SET]B-CozyBasicHoodieSet-Up.jpg
DUP : GF-H-849_기모후드티.jpg
DUP : GF-H-850_기모후드티.jpg
DUP : GF-H-852_기모후드티.jpg
DUP : GF-H-851_기모후드티.jpg
DUP : GF-H-856_기모후드티.jpg
DUP : GF-H-863_기모후드티.jpg
DUP : GF-H-858_기모후드티.jpg
DUP : GF-H-846_기모후드티.jpg
DUP : GF-H-100_기모후드티.jpg
DUP : GF-H-848_기모후드티.jpg
DUP : GF-H-838_기모후드티.jpg
DUP : GF-H-837_기모후드티.jpg
DUP : GF-H-862_기모후드티.jpg
DUP : GF-H-864_기모후드티.jpg
DUP : 페인트로고후드-블랙.jpg
DUP : 라운드로고후드-그린.jpg
DUP : 스케치로고후드-블랙.jpg
DUP : 스케치로고후드-네온그린.jpg
DUP : 보스로고후드-블랙.jpg
DUP : 고스오돌이후드-블랙.jpg
DUP : 데빌로고후드-화이트.jpg
DUP : 고스오돌이후드-그린.jpg
DUP : 라운드로고후드-블랙.jpg
DUP : 프레임로고후드-블랙.jpg
DUP : 라운드로고후드-그레이.jpg
DUP : 스케치로고후드-화이트.jpg
DUP : 고스로고후드-브라운.jpg
DUP : 멜팅로고후드-화이트.jpg
DUP : 콜라쥬오돌이후드-화이트.jpg
DUP : 데빌로고후드-브라운.jpg
DUP : 고스로고후드-화이트.jpg
DUP : 고스로고후드-블랙.jpg
DUP : 데빌로고후드-퍼플.jpg
DUP : 고스오돌이후드-화이트.jpg
DUP : 본쉽앤울프후드-화이트.jpg
DUP : 페인트로고후드-화이트.jpg
DUP : 보스로고후드-화이트.jpg
DUP : 캔들보이후드-브라운.jpg
DUP : 멜팅로고후드-블랙.jpg
DUP : 라운드로고후드-화이트.jpg
DUP : 멜팅로고후드-블루.jpg
DUP : 캔들보이후드-화이트.jpg
DUP : 본쉽앤울프후드-블랙.jpg
DUP : 캔들보이후드-블랙.jpg
DUP : 데빌로고후드-블랙.jpg
DUP : 콜라쥬오돌이후드-블랙.jpg
DUP : 페인트로고후드-그린.jpg
DUP : 리스펙트후드.jpg
DUP : [패키지]dreamerhoodie+wideslacks.jpg
DUP : [패키지]sunnyhoodie+shortbeanie.jpg
DUP : [패키지]4tanghoodie+shortbeanie.jpg
DUP : [패키지]sunnyhoodie+sunnymuffler(2color).png
DUP : [패키지]dreamerhoodie+shortbeanie.jpg
DUP : [패키지]사탕후드티+써니양털머플러.jpg
DUP : [패키지]sunnyhoodie+wideslasks.jpg
DUP : [PACKAGE]NEWTROLOGOHOODIETRAININGSET.jpg
DUP : [PACKAGE]TIGERSMALLLOGOLOOSEFITHOODIETRAININGSET.jpg
DUP : [PACKAGE]RETROLOOSEFITTRAININGSET.jpg
DUP : [PACKAGE]BASICLOGOLOOSEFITHOODIETRAININGSET.jpg
DUP : [PACKAGE]SXPSMALLLOGOHOODIETRAININGSET.jpg
DUP : k121다크브라운.jpg
DUP : AKAHAW2062300_도매몰.jpg
DUP : AKAJFU20230800_도매.jpg
DUP : AKAHAW2060700_도매몰.jpg
DUP : AKAHAW20630100_도매.jpg
DUP : AKAHAW20622200_도매몰.jpg
DUP : AKAHAW20630000_도매.jpg
DUP : AKAJFU2022300_도매1.jpg
DUP : AKAJFU20230700_도매.jpg
DUP : AKAJFU20229900_도매.jpg
DUP : AKAJFU2029900_도매.jpg
DUP : [SET]RAWAUTHENTICTRANINGSHORTSSETUP(OATMEAL).jpg
DUP : [SET]RAWAUTHENTICTRANINGSHORTSSETUP(GRAY).jpg
DUP : [SET]THETANNWAFFLETRANINGSET-UP(OATMEAL).jpg
DUP : [SET]THETANNWAFFLETRANINGSET-UP(GRAY).jpg
DUP : [SET]RAWAUTHENTICTRANINGSHORTSSETUP(BLACK).jpg
DUP : [THETANN]WASHEDWAFFLEHOODIE(BLACK).jpg
DUP : [SET]THETANNWAFFLETRANINGSET-UP(BLACK).jpg
DUP : [THETANN]PIGMENTHOODIEHARFZIP-UP(DARKGRAY).jpg
DUP : [THETANN]WASHEDWAFFLEHOODIE(GRAY).jpg
DUP : [THETANN]WASHEDWAFFLEHOODIE(OATMEAL).jpg
DUP : [THETANN]PIGMENTHOODIEHARFZIP-UP(SALEBEIGE).jpg
DUP : M-MHH1014-Black클라우드.jpg
DUP : [패키지]2PACKSET(HOODIE+BEANIE).jpg
DUP : 아이오와콘치후드(오트밀).jpg
DUP : 아이오와콘치후드(네이비).jpg
DUP : 콘치애슬레틱후드.gif
DUP : 아이오와콘치후드(그레이).jpg
DUP : 콘치1990크롭후드.jpg
DUP : 아웃라인후드.jpg
DUP : 위드아노락후드(베이지).jpg
DUP : 베이직라운드크롭후드.jpg
DUP : 코지베이직후드.jpg
DUP : 위드아노락후드(라이트멜란지).jpg
DUP : 콘치얼스후드(블루).jpg
DUP : 콘치얼스후드(그린).jpg
DUP : 콘치얼스후드(라이트멜란지).jpg
DUP : 테리트레이닝후드.jpg
DUP : 스토퍼터틀넥후드.jpg
DUP : 버튼포인트루즈후드.jpg
DUP : 스테이루즈후드.jpg
DUP : 위드아노락후드(레몬).jpg
DUP : [ORDINARYPEOPLE&DISNEY]HERITAGEDONALDDUCKBLUEHOODIE.jpg
DUP : [ORDINARYPEOPLEXDISNEY]DIRECTINGGOOFYBLACKHOODIE.jpg
DUP : [ORDINARYPEOPLEXDISNEY]DIRECTINGGOOFYCHARCOALHOODIE.jpg
DUP : [로너]Recyclinghoodie-white.jpg
DUP : [SSS]GrungeStripeCropHoodie[BEIGE].jpg
DUP : CheckFleeceBoxyHoodie[BLUE].jpg
DUP : LosAngelesHoody[Black].jpg
DUP : LosAngelesHoodySet-Up[Black].jpg
DUP : HawaiiHoodySet-Up[Navy].jpg
DUP : HawaiiHoody[Navy].jpg
DUP : HonoluluHoody[MelangeGray-Blue].jpg
DUP : PortlandHoody[Gray-Black].jpg
DUP : LosAngelesHoody[Blue].jpg
DUP : LosAngelesHoody[MelangeGray].jpg
DUP : LosAngelesHoody[BrightGreen].jpg
DUP : Cerritos​​Hoody[Navy].jpg
DUP : CerritosHoody[MelangeGray-Red].jpg
DUP : PortlandHoodySet-Up[Gray-Black].jpg
DUP : 롱슬리브스트링후드(Gray).jpg
DUP : 레이첼그린후드티조거세트.jpg
DUP : 레이첼그린후드티-네이비.jpg
DUP : 레이첼그린후드티-라이트그레이.jpg
DUP : 레이첼그린후드티쇼츠세트.jpg
DUP : 레이첼그린후드티-블랙.jpg
DUP : 레이첼그린후드티-그레이.jpg
DUP : Saving후디[PINK].jpg
DUP : Saving후디[BLUE].jpg
DUP : OCTO후디[BLACK].jpg
DUP : OCTO후디[MELANGE8%].jpg
DUP : [방실이시리즈]Luv&Hip방실이후디[MINT].jpg
DUP : [방실이시리즈]Luv&Hip방실이후디-기모추가[MELANGEGRAY].jpg
DUP : [방실이시리즈]플라이방실이후디[GRAY].jpg
DUP : luv후디[BLACK].jpg
DUP : [방실이시리즈]그라데이션방실이후디[MELANGEBEIGE].jpg
DUP : GOOWANGhoodie[Yellow].jpg
DUP : BOXERDINOhoodie[Gray].jpg
DUP : SKULLDINOhoodie[Black].jpg
DUP : GOOWANGhoodie[Purple].jpg
DUP : GOOWANGhoodie[Black].jpg
DUP : [HEAVYTERRY]PulloverZip-upHoodieBlack.jpg
DUP : [HEAVYTERRY]SymbolLogoHoodieNavy.jpg
DUP : [HEAVYTERRY]PulloverZip-upHoodieIvory.jpg
DUP : [HEAVYTERRY]SymbolLogoHoodieBlack.jpg
DUP : [HEAVYTERRY]SymbolLogoHoodieLightMelangeGray.jpg
DUP : [HEAVYTERRY]PulloverZip-upHoodieLightMelangegray.jpg
DUP : [HEAVYTERRY]SymbolLogoHoodieCharcoal.jpg
DUP : 파마후드티1.jpg
DUP : [smitharmor]HD-T1_beige.jpg
DUP : [smitharmor]HD-T1_black.jpg
DUP : [코로츠][기모]1+1CRTANORAKHOOD4COLORS.jpg
DUP : [코로츠]CRTANORAK2COLORHOOD(Mustard).jpg
DUP : [코로츠]CRTANORAK2COLORHOOD(Gray).jpg
DUP : [코로츠]CRTANORAK2COLORHOOD(Burgundy).jpg
DUP : [코로츠]CRTSPipeAnorakHoodie(Gray).jpg
DUP : PIN-UPGIRLPRINTEDOVERSIZEDHOODIE[KHAKI].jpg
DUP : 심플스트링후드-네이비.jpg
DUP : 심플스트링후드-베이지.jpg
DUP : 액티브절개후드-블랙.jpg
DUP : 액티브절개후드-그린.jpg
DUP : 북클럽후드티(ny_02).jpg
DUP : 북클럽후드티(pp_03).jpg
DUP : 북클럽후드티(mg_01).jpg
DUP : worldcrackhoodie1stgeneration[black].jpg
DUP : worldcrackhoodie1stgeneration[grey].jpg
DUP : (UT)기모후드블랙.jpg
DUP : (UT)기모후드그레이.jpg
DUP : (UT)기모후드화이트.jpg
DUP : 22SS.jpg
DUP : [LBE]TMR-HL001+TMR-PL001.jpg
DUP : 키미크롭후드(5colors).jpg
DUP : 런치박스포켓후드.jpg
DUP : 레이어드스트링후드.jpg
DUP : 스웨트후디(크림).jpg
