DUP : u0002RLL615SB.jpg
DUP : (톨)긴팔트임.jpg
DUP : (단)10수트임.jpg
DUP : [SET]B-LayeredLongSleeve.jpg
DUP : [패키지]pigmentlongsleeve+wideslacks(palepink).jpg
DUP : 리스펙트쭉티그레이.jpg
DUP : 리스펙트쭉티블랙.jpg
DUP : [패키지]shortbeanie+narrowstripelongsleeve(green).jpg
DUP : [패키지]pigmentlongsleeve+wideslacks(olivegreen).jpg
DUP : [패키지]pigmentlongsleeve+wideslacks(beige).jpg
DUP : [패키지]pigmentlongsleeve+wideslacks(midnightblue).jpg
DUP : [패키지]repentancenecklace+pt2stripelongsleeve(green).jpg
DUP : [패키지]shortbeanie+boldstripelongsleeve(green).jpg
DUP : [패키지]pigmentlongsleeve+wideslacks(deepblack).jpg
DUP : [패키지]pigmentlongsleeve+wideslacks(palepurple).jpg
DUP : [패키지]repentancenecklace+pt1stripelongsleeve(green).jpg
DUP : [패키지]pigmentlongsleeve+shortbeanie(6color).jpg
DUP : 테마오돌이로고롱슬리브-화이트.jpg
DUP : 그로스링로고롱슬리브-화이트.jpg
DUP : 페인트로고롱슬리브-화이트.jpg
DUP : 베이직로고폴라롱슬리브-블랙.jpg
DUP : 라운드로고롱슬리브-화이트.jpg
DUP : 테마로고롱슬리브-화이트.jpg
DUP : 베이직로고폴라롱슬리브-화이트.jpg
DUP : 그로스링로고롱슬리브-블랙.jpg
DUP : 테마로고롱슬리브-네온그린.jpg
DUP : 라운드로고롱슬리브-블랙.jpg
DUP : 그로스링로고롱슬리브-네온그린.jpg
DUP : 테마오돌이로고롱슬리브-블랙.jpg
DUP : 페인트로고롱슬리브-블랙.jpg
DUP : 테마로고롱슬리브-블랙.jpg
DUP : Soft3_4SleeveCropTop[SAGE].jpg
DUP : Soft3_4SleeveCropTop[GRAPE].jpg
DUP : 라이크베이직크롭탑.jpg
DUP : 사선트임슬리브.jpg
DUP : 프린심플크롭탑.jpg
DUP : 사이드셔링트임슬리브(블랙).jpg
DUP : 맥시백리본슬리브.jpg
DUP : 디어슬릿골지슬리브.jpg
DUP : 제이브이넥스트링슬리브.jpg
DUP : 사이드셔링트임슬리브(그레이).jpg
DUP : 웨스트루즈슬리브.jpg
DUP : 사이드셔링트임슬리브(카키).jpg
DUP : 메이비베이직슬리브.jpg
DUP : 레이어드코튼롱슬리브.jpg
DUP : 베이직골지하이넥탑.jpg
DUP : 리턴랩슬리브.jpg
DUP : 베이직트임슬리브.jpg
DUP : 믹스타이다이크롭탑.jpg
DUP : 베이심플슬리브.jpg
DUP : 애니스트링투웨이슬리브.jpg
DUP : 베리라인크롭탑.jpg
DUP : VINTAGELAYEREDTOP[BROWN_KHAKI].jpg
DUP : PAISELYMESHBLOCKEDTOP[BEIGE].jpg
DUP : PAISELYMESHBLOCKEDTOP[BLACK].jpg
DUP : SPLICEDSTRIPEDT-SHRIT[MAROON].jpg
DUP : SheerMeshLongSleeveTop[Black].jpg
DUP : RawEdgeCroppedSweatshirt[Charcoal].jpg
DUP : BUTTERFLYMESHSHIRRINGTOP[BLUE_RED].jpg
DUP : SheerMeshLongSleeveTop[Khaki].jpg
DUP : 라운드절개티셔츠(퍼플).jpg
DUP : 21크로스백티(퍼플).jpg
DUP : 하트퍼티셔츠(차콜).jpg
DUP : 크롭로고티(오렌지).jpg
DUP : 웨이브스트랩티셔츠(아이보리).jpg
DUP : 플라워레이어드티셔츠(화이트).jpg
DUP : 플라워레이어드티셔츠(블랙).jpg
DUP : 웨이브스트랩티셔츠(블랙).jpg
DUP : 크롭로고티(스카이블루).jpg
DUP : 하트퍼티셔츠(그린).jpg
DUP : 라운드절개티셔츠(블랙).jpg
DUP : AKAKMU2192300_멀티.jpg
DUP : AKAKMU21730600_멀티.jpg
DUP : AKAKMU21812400_멀티.jpg
DUP : AKAKMU2182300_멀티.jpg
DUP : AKAKMU2172300_멀티.jpg
DUP : AKAKMU21830600_멀티.jpg
DUP : AKAKMU2162300_멀티.jpg
DUP : AKAKMU2174100_멀티.jpg
DUP : 스트라이프로고유니섹스오버핏롱슬리브화이트.jpg
DUP : DNA유니섹스오버핏롱슬리브화이트.jpg
DUP : 분자유니섹스오버핏롱슬리브블랙.jpg
DUP : 분자유니섹스오버핏롱슬리브화이트.jpg
DUP : DNA유니섹스오버핏롱슬리브그레이.jpg
DUP : 써클유니섹스오버핏롱슬리브블랙.jpg
DUP : 분자유니섹스오버핏롱슬리브그레이.jpg
DUP : 메인로고유니섹스오버핏롱슬리브블랙.jpg
DUP : 스트라이프로고유니섹스오버핏롱슬리브블랙.jpg
DUP : AREN유니섹스오버핏롱슬리브블랙.jpg
DUP : [Set]LovinHalfTurtleneckKnit.jpg
DUP : 시그니처로고클래식긴팔티쇼츠세트.jpg
DUP : 시그니처로고클래식긴팔티-라이트그레이.jpg
DUP : 시그니처로고긴팔티2PACK.jpg
DUP : 시그니처로고클래식긴팔티-블랙.jpg
DUP : 시그니처로고클래식긴팔티-화이트.jpg
DUP : 크레용패치포인트티[PINK].jpg
DUP : 크레용패치포인트티[BLACK].jpg
DUP : 포켓포인트롱슬리브티셔츠[BLACK].jpg
DUP : [방실이시리즈]방실슬라브롱슬리브티셔츠[BLACK].jpg
DUP : [방실이시리즈]방실슬라브롱슬리브티셔츠[GRAY].jpg
DUP : luv패치포인트티[BROWN].jpg
DUP : luv패치포인트티[BEIGE].jpg
DUP : [방실이시리즈]방실이롱슬리브티셔츠.jpg
DUP : 차이나스트라이프티셔츠_아이보리.jpg
DUP : 차이나스트라이프티셔츠_블랙.jpg
DUP : 하이넥엘라스틱티셔츠_화이트.jpg
DUP : 에센셜롱슬리브라운드넥티셔츠.jpg
DUP : 차이나스트라이프티셔츠_네이비.jpg
DUP : 루즈핏레이어드티셔츠_블랙.jpg
DUP : 차이나스트라이프티셔츠_그린.jpg
DUP : 샤카웨어8.9oz긴팔티CHACOAL.jpg
DUP : 샤카웨어8.9oz긴팔티GRAY.jpg
DUP : 샤카웨어8.9oz긴팔티BLACK.jpg
DUP : 샤카웨어8.9oz긴팔티.jpg
DUP : RIBBONTIETURTLENECK[WHITE].jpg
DUP : RIBBONTIETURTLENECK[BLACK].jpg
DUP : RIBBONTIETURTLENECK[CREAM].jpg
DUP : RIBBONTIETURTLENECK[GRAYISHBEIGE].jpg
DUP : 롱슬리브.jpg
DUP : 터틀넥.jpg
DUP : Stringoff-shoulder[Charcoal-Gray].jpg
DUP : Stringoff-shoulder[Khaki].jpg
DUP : 모어네.jpg
DUP : 룩룩하얀.jpg
DUP : 모어브.jpg
DUP : [ORDINARYPEOPLEXDISNEY]ARTISTDONALDBLUESLEEVES.jpg
DUP : OWLSS96TS01[GREY].jpg
DUP : OWLSS96TS01[BLACK].jpg
DUP : 롱슬리브(화이트).jpg
DUP : 롱슬리브(블랙).jpg
DUP : 21FW.jpg
DUP : CerritosLongSleeveT-Shirt[Black].jpg
DUP : 카라티셔츠.jpg
DUP : 애프터홈파티.jpg
