DUP : [CHUBBY][MIDDLETERRY]EMBROIDERYRugbySweatshirtIvory.jpg
DUP : [CHUBBY][MIDDLETERRY]EMBROIDERYRugbySweatshirtGreen.jpg
DUP : [CHUBBY][MIDDLETERRY]EMBROIDERYRugbySweatshirtBlack.jpg
DUP : [CHUBBY][MIDDLETERRY]EMBROIDERYRugbySweatshirtLightMelangegray.jpg
DUP : [CHUBBY][MIDDLETERRY]EMBROIDERYRugbySweatshirtNavy.jpg
DUP : [CHUBBY][MIDDLETERRY]EMBROIDERYRugbySweatshirtCharcoal.jpg
DUP : [HEAVYTERRY]PoloCollarSweatshirtsBlack.jpg
DUP : [HEAVYTERRY]PoloCollarSweatshirtsCharcoal.jpg
DUP : SOFTTERRYCOLLART_SHIRTS[BROWN].jpg
DUP : SOFTTERRYCOLLART_SHIRTS[DARKNAVY].jpg
DUP : SOFTTERRYCOLLART_SHIRTS[CREAM].jpg
DUP : SOFTTERRYCOLLART_SHIRTS[LIGHTOLIVE].jpg
DUP : 테리카라티블랙.jpg
DUP : 테리카라티라벤더.jpg
DUP : 테리카라티라이트그레이.jpg
DUP : 테리카라티그린.jpg
DUP : 웜업카라티베이지.jpg
DUP : 웜업카라티블랙.jpg
DUP : 웜업카라티그레이.jpg
DUP : [RR22BST1304OV.jpg
DUP : FW21RTW0506[GD].jpg
DUP : FW21RTW0506[BL].jpg
DUP : SS22RTW0504[GR].jpg
DUP : [SET]NYLONRWLOGOPOLOSETUP_BLACK.jpg
DUP : [SET]NYLONRWLOGOPOLOSETUP_GRAY.jpg
DUP : TerrySet-Up[Pink].jpg
DUP : TerrySet-Up[AppleGreen].jpg
DUP : 리버버튼슬리브.jpg
DUP : 빅카라아노락맨투맨.jpg
DUP : 오픈버튼셔츠(블랙).jpg
DUP : 오픈버튼셔츠(옐로우).jpg
DUP : OWLSS96TS02[WHITE].jpg
DUP : 오픈카라KN-카키.jpg
