DUP : KTB0165.jpg
DUP : KTG0165.jpg
DUP : KTN0165.jpg
DUP : KTW0165.jpg
DUP : KTC0165.jpg
DUP : KTB0164.jpg
DUP : KTN0164.jpg
DUP : KTW0164.jpg
DUP : KTG0164.jpg
DUP : KTC0164.jpg
DUP : KTG0163.jpg
DUP : KTW0163.jpg
DUP : KTB0162.jpg
DUP : KTG0162.jpg
DUP : KTN0162.jpg
DUP : KTC0163.jpg
DUP : KTN0163.jpg
DUP : KTW0162.jpg
DUP : KTC0162.jpg
DUP : KTB0163.jpg
DUP : KTG0161.jpg
DUP : KTC0161.jpg
DUP : KTB0161.jpg
DUP : KTN0161.jpg
DUP : KTW0161.jpg
DUP : KTW0160.jpg
DUP : KTN0160.jpg
DUP : KTC0160.jpg
DUP : KTG0160.jpg
DUP : KTB0160.jpg
DUP : KTN0159.jpg
DUP : KTG0159.jpg
DUP : KTW0159.jpg
DUP : KTC0159.jpg
DUP : KTB0159.jpg
DUP : KTW0012.jpg
DUP : KTB0146.jpg
DUP : KTB0024.jpg
DUP : KTB0101.jpg
DUP : KTB0007.jpg
DUP : KTB0134.jpg
DUP : KTB0120.jpg
DUP : KTB0015.jpg
DUP : KTW090.jpg
DUP : KTW0011.jpg
DUP : KTW0150.jpg
DUP : KTG0120.jpg
DUP : KTB0154.jpg
DUP : KTB0013.jpg
DUP : KTPW01.jpg
DUP : KTB0041.jpg
DUP : KTB0087.jpg
DUP : KTB0001.jpg
DUP : KTW097.jpg
DUP : KTB0149.jpg
DUP : KTB0077.jpg
DUP : KTB0078.jpg
DUP : KTB0031.jpg
DUP : KTB0086.jpg
DUP : KTN0008.jpg
DUP : KTW0029.jpg
DUP : KTC0057.jpg
DUP : KTPB02.jpg
DUP : KTW0007.jpg
DUP : KTW0057.jpg
DUP : KTC0039.jpg
DUP : KTW0148.jpg
DUP : KTB0040.jpg
DUP : KTW0001.jpg
DUP : KTB0155.jpg
DUP : KTB0010.jpg
DUP : KTW096.jpg
DUP : KTW0019.jpg
DUP : KTB0035.jpg
DUP : KTC0012.jpg
DUP : KTW087.jpg
DUP : KTN0034.jpg
DUP : KTW098.jpg
DUP : KTB0152.jpg
DUP : KTB0027.jpg
DUP : KTG0086.jpg
DUP : KTB0145.jpg
DUP : KTB0100.jpg
DUP : KTB0143.jpg
DUP : KTB0085.jpg
DUP : KTB0126.jpg
DUP : KTW0055.jpg
DUP : KTW0027.jpg
DUP : KTB0022.jpg
DUP : KTB0142.jpg
DUP : KTC0150.jpg
DUP : KTB0056.jpg
DUP : KTB0070.jpg
DUP : KTB0089.jpg
DUP : KTG0089.jpg
DUP : KTW0022.jpg
DUP : KTG0135.jpg
DUP : KTC0068.jpg
DUP : KTG0068.jpg
DUP : KTW0077.jpg
DUP : KTN0026.jpg
DUP : KTB0020.jpg
DUP : KTG0026.jpg
DUP : KTB0018.jpg
DUP : KTW0133.jpg
DUP : KTG0140.jpg
DUP : KTW0140.jpg
DUP : KTB0044.jpg
DUP : KTW085.jpg
DUP : KTC0142.jpg
DUP : KTG0004.jpg
DUP : KTW0114.jpg
DUP : KTB0119.jpg
DUP : KTW0132.jpg
DUP : KTB0019.jpg
DUP : KTW0039.jpg
DUP : KTW0105.jpg
DUP : KTW0014.jpg
DUP : KTW092.jpg
DUP : KTB0038.jpg
DUP : KTG0063.jpg
DUP : KTW0035.jpg
DUP : KTN0065.jpg
DUP : KTB0131.jpg
DUP : KTB0108.jpg
DUP : KTB0095.jpg
DUP : KTN0032.jpg
DUP : KTC0027.jpg
DUP : KTW0106.jpg
DUP : KTW0044.jpg
DUP : KTB0132.jpg
DUP : KTB0030.jpg
DUP : KTW0101.jpg
DUP : KTB0011.jpg
DUP : KTW0002.jpg
DUP : KTB0063.jpg
DUP : KTW0128.jpg
DUP : KTB0016.jpg
DUP : KTW0154.jpg
DUP : KTW0123.jpg
DUP : KTG0157.jpg
DUP : KTG0018.jpg
DUP : KTW0025.jpg
DUP : KTB0050.jpg
DUP : KTW0116.jpg
DUP : KTW0158.jpg
DUP : KTW0139.jpg
DUP : KTB0052.jpg
DUP : KTW099.jpg
DUP : KTN0157.jpg
DUP : KTC0157.jpg
DUP : KTB0158.jpg
DUP : KTN0158.jpg
DUP : KTG0158.jpg
DUP : KTC0158.jpg
DUP : KTW0156.jpg
DUP : KTC0156.jpg
DUP : KTN0156.jpg
DUP : KTG0156.jpg
DUP : KTW0157.jpg
DUP : KTC0131.jpg
DUP : KTB0074.jpg
DUP : KTN0154.jpg
DUP : KTG0154.jpg
DUP : KTC0154.jpg
DUP : KTN0155.jpg
DUP : KTW0155.jpg
DUP : KTC0155.jpg
DUP : KTG0074.jpg
DUP : KTN0153.jpg
DUP : KTG0153.jpg
DUP : KTW0153.jpg
DUP : KTC0153.jpg
DUP : KTN0137.jpg
DUP : KTG0152.jpg
DUP : KTW0152.jpg
DUP : KTC0152.jpg
DUP : KTN0152.jpg
DUP : KTN0151.jpg
DUP : KTG0151.jpg
DUP : KTC0151.jpg
DUP : KTW0142.jpg
DUP : KTB0047.jpg
DUP : KTB0137.jpg
DUP : KTG0087.jpg
DUP : KTC0132.jpg
DUP : KTB0058.jpg
DUP : KTC0125.jpg
DUP : KTC0123.jpg
DUP : KTG0139.jpg
DUP : KTB0141.jpg
DUP : KTB0093.jpg
DUP : KTW0149.jpg
DUP : KTC0149.jpg
DUP : KTN0149.jpg
DUP : KTG0149.jpg
DUP : KTB0150.jpg
DUP : KTN0150.jpg
DUP : KTG0150.jpg
DUP : KTW0061.jpg
DUP : KTG0141.jpg
DUP : KTB0138.jpg
DUP : KTN0139.jpg
DUP : KTW0147.jpg
DUP : KTN0147.jpg
DUP : KTC0147.jpg
DUP : KTG0147.jpg
DUP : KTC0148.jpg
DUP : KTG0148.jpg
DUP : KTB0148.jpg
DUP : KTN0148.jpg
DUP : KTW0013.jpg
DUP : KTW0146.jpg
DUP : KTC0145.jpg
DUP : KTG0146.jpg
DUP : KTN0145.jpg
DUP : KTC0146.jpg
DUP : KTW0145.jpg
DUP : KTG0145.jpg
DUP : KTN0146.jpg
DUP : KTW0102.jpg
DUP : KTW0021.jpg
DUP : KTC0141.jpg
DUP : KTW0144.jpg
DUP : KTN0144.jpg
DUP : KTC0143.jpg
DUP : KTC0144.jpg
DUP : KTN0142.jpg
DUP : KTG0144.jpg
DUP : KTN0141.jpg
DUP : KTB0144.jpg
DUP : KTN0143.jpg
DUP : KTG0142.jpg
DUP : KTG0143.jpg
DUP : KTW0143.jpg
DUP : KTW0135.jpg
DUP : KTB0076.jpg
DUP : KTG0022.jpg
DUP : KTN0140.jpg
DUP : KTW0141.jpg
DUP : KTB0128.jpg
DUP : KTC0133.jpg
DUP : KTW0045.jpg
DUP : KTW0043.jpg
DUP : KTN0138.jpg
DUP : KTG0138.jpg
DUP : KTC0099.jpg
DUP : KTW0119.jpg
DUP : KTN0136.jpg
DUP : KTG0136.jpg
DUP : KTW0074.jpg
DUP : KTN0135.jpg
DUP : KTC0135.jpg
DUP : KTN0134.jpg
DUP : KTG0134.jpg
DUP : KTC0134.jpg
DUP : KTB0112.jpg
DUP : KTN0132.jpg
DUP : KTG0132.jpg
DUP : KTN0133.jpg
DUP : KTG0133.jpg
DUP : KTB0133.jpg
DUP : KTN0040.jpg
DUP : KTC0067.jpg
DUP : KTC0095.jpg
DUP : KTN0131.jpg
DUP : KTG0131.jpg
DUP : KTB0114.jpg
DUP : KTB0009.jpg
DUP : KTC0097.jpg
DUP : KTW0064.jpg
DUP : KTW0017.jpg
DUP : KTB0003.jpg
DUP : KTB0090.jpg
DUP : KTW091.jpg
DUP : KTG0095.jpg
DUP : KTC0020.jpg
DUP : KTB0051.jpg
DUP : KTG0010.jpg
DUP : KTW0067.jpg
DUP : KTC0021.jpg
DUP : KTW095.jpg
DUP : KTC0070.jpg
DUP : KTB0021.jpg
DUP : KTW086.jpg
DUP : KTW081.jpg
DUP : KTG0080.jpg
DUP : KTW0118.jpg
DUP : KTB0118.jpg
DUP : KTW0009.jpg
DUP : KTN0081.jpg
DUP : KTN0098.jpg
DUP : KTC0098.jpg
DUP : KTB0098.jpg
DUP : KTG0098.jpg
DUP : KTG0099.jpg
DUP : KTB0099.jpg
DUP : KTN0099.jpg
DUP : KTC0064.jpg
DUP : KTN0095.jpg
DUP : KTC0096.jpg
DUP : KTB0073.jpg
DUP : KTN0091.jpg
DUP : KTC0091.jpg
DUP : KTN0092.jpg
DUP : KTN0093.jpg
DUP : KTC0094.jpg
DUP : KTG0093.jpg
DUP : KTW093.jpg
DUP : KTW094.jpg
DUP : KTC0093.jpg
DUP : KTW0069.jpg
DUP : KTC0080.jpg
DUP : KTB0122.jpg
DUP : KTN0041.jpg
DUP : KTW080.jpg
DUP : KTB0079.jpg
DUP : KTN0083.jpg
DUP : KTG0084.jpg
DUP : KTG0083.jpg
DUP : KTN0084.jpg
DUP : KTW0004.jpg
DUP : KTB0129.jpg
DUP : KTG0070.jpg
DUP : KTN0080.jpg
DUP : KTW0079.jpg
DUP : KTC0079.jpg
DUP : KTN0079.jpg
DUP : KTG0079.jpg
DUP : KTC0078.jpg
DUP : KTN0077.jpg
DUP : KTC0073.jpg
DUP : KTN0073.jpg
DUP : KTN0075.jpg
DUP : KTG0076.jpg
DUP : KTW0075.jpg
DUP : KTC0107.jpg
DUP : KTB0105.jpg
DUP : KTG0056.jpg
DUP : KTC0102.jpg
DUP : KTC0072.jpg
DUP : KTB0017.jpg
DUP : KTB0045.jpg
DUP : KTN0068.jpg
DUP : KTN0070.jpg
DUP : KTB0125.jpg
DUP : KTW0059.jpg
DUP : KTB0065.jpg
DUP : KTC0066.jpg
DUP : KTW0066.jpg
DUP : KTG0065.jpg
DUP : KTW0065.jpg
DUP : KTC0050.jpg
DUP : KTC0063.jpg
DUP : KTN0064.jpg
DUP : KTN0063.jpg
DUP : KTB0008.jpg
DUP : KTC0112.jpg
DUP : KTG0039.jpg
DUP : KTN0061.jpg
DUP : KTB0062.jpg
DUP : KTG0061.jpg
DUP : KTN0062.jpg
DUP : KTG0062.jpg
DUP : KTW0062.jpg
DUP : KTC0062.jpg
DUP : KTC0126.jpg
DUP : KTN0123.jpg
DUP : KTG0126.jpg
DUP : KTN0129.jpg
DUP : KTG0123.jpg
DUP : KTN0121.jpg
DUP : KTC0129.jpg
DUP : KTC0128.jpg
DUP : KTN0128.jpg
DUP : KTN0125.jpg
DUP : KTC0127.jpg
DUP : KTC0124.jpg
DUP : KTN0127.jpg
DUP : KTG0125.jpg
DUP : KTN0124.jpg
DUP : KTG0127.jpg
DUP : KTG0059.jpg
DUP : KTW0060.jpg
DUP : KTB0059.jpg
DUP : KTC0059.jpg
DUP : KTG0060.jpg
DUP : KTN0059.jpg
DUP : KTB0103.jpg
DUP : KTN0035.jpg
DUP : KTC0055.jpg
DUP : KTW0041.jpg
DUP : KTC0024.jpg
DUP : KTC0054.jpg
DUP : KTN0053.jpg
DUP : KTB0043.jpg
DUP : KTB0116.jpg
DUP : KTB0036.jpg
DUP : KTB0048.jpg
DUP : KTN0047.jpg
DUP : KTN0048.jpg
DUP : KTG0047.jpg
DUP : KTG0048.jpg
DUP : KTC0047.jpg
DUP : KTC0048.jpg
DUP : KTC0049.jpg
DUP : KTB0049.jpg
DUP : KTN0049.jpg
DUP : KTG0049.jpg
DUP : KTC0016.jpg
DUP : KTG0041.jpg
DUP : KTG0046.jpg
DUP : KTC0046.jpg
DUP : KTB0046.jpg
DUP : KTN0046.jpg
DUP : KTW0046.jpg
DUP : KTC0043.jpg
DUP : KTC0044.jpg
DUP : KTN0042.jpg
DUP : KTB0042.jpg
DUP : KTN0038.jpg
DUP : KTG0038.jpg
DUP : KTC0036.jpg
DUP : KTG0036.jpg
DUP : KTN0113.jpg
DUP : KTC0034.jpg
DUP : KTW0110.jpg
DUP : KTG0110.jpg
DUP : KTG0023.jpg
DUP : KTN0030.jpg
DUP : KTW0031.jpg
DUP : KTC0030.jpg
DUP : KTG0030.jpg
DUP : KTC0028.jpg
DUP : KTC0029.jpg
DUP : KTN0028.jpg
DUP : KTN0029.jpg
DUP : KTN0025.jpg
DUP : KTG0025.jpg
DUP : KTB0023.jpg
DUP : KTC0006.jpg
DUP : KTC0018.jpg
DUP : KTC0013.jpg
DUP : KTN0013.jpg
DUP : KTN0107.jpg
DUP : KTN0011.jpg
DUP : KTG0007.jpg
DUP : KTC0004.jpg
DUP : KTG0005.jpg
DUP : KTN0004.jpg
DUP : KTW0005.jpg
DUP : KTC0005.jpg
DUP : KTG0002.jpg
DUP : KTC0001.jpg
DUP : KTN0002.jpg
DUP : KTC0003.jpg
DUP : KTB0110.jpg
DUP : KTC0119.jpg
DUP : KTN0119.jpg
DUP : KTG0119.jpg
DUP : KTC0120.jpg
DUP : KTN0118.jpg
DUP : KTN0120.jpg
DUP : KTC0118.jpg
DUP : KTN0116.jpg
DUP : KTB0117.jpg
DUP : KTC0116.jpg
DUP : KTC0117.jpg
DUP : KTW0117.jpg
DUP : KTG0116.jpg
DUP : KTC0113.jpg
DUP : KTN0114.jpg
DUP : KTG0113.jpg
DUP : KTG0114.jpg
DUP : KTW0113.jpg
DUP : KTC0114.jpg
DUP : KTC0115.jpg
DUP : KTN0105.jpg
DUP : KTN0103.jpg
DUP : KTC0109.jpg
DUP : KTB0109.jpg
DUP : KTW0109.jpg
DUP : KTN0109.jpg
DUP : KTG0111.jpg
DUP : KTN0111.jpg
DUP : KTC0110.jpg
DUP : KTC0111.jpg
DUP : KTC0106.jpg
DUP : KTN0106.jpg
DUP : KTG0106.jpg
DUP : KTW0107.jpg
DUP : KTG0103.jpg
DUP : KTC0105.jpg
DUP : KTN0104.jpg
DUP : KTC0101.jpg
DUP : KTG0102.jpg
DUP : KTC0104.jpg
DUP : KTW0104.jpg
DUP : KTG0104.jpg
DUP : KTN0102.jpg
DUP : KTG0101.jpg
DUP : KTB0113.jpg
DUP : KTW0111.jpg
DUP : KTG0117.jpg
DUP : KTN0110.jpg
DUP : KTG0109.jpg
DUP : KTN0108.jpg
DUP : KTN0003.jpg
DUP : KTW0112.jpg
DUP : KTC0008.jpg
DUP : KTN0007.jpg
DUP : KTN0005.jpg
DUP : KTN0006.jpg
DUP : KTW0008.jpg
DUP : KTG0008.jpg
DUP : KTW0003.jpg
DUP : KTN0009.jpg
DUP : KTC0009.jpg
DUP : KTG0012.jpg
DUP : KTG0009.jpg
DUP : KTC0014.jpg
DUP : KTC0015.jpg
DUP : KTG0011.jpg
DUP : KTC0010.jpg
DUP : KTC0108.jpg
DUP : KTG0107.jpg
DUP : KTB0004.jpg
DUP : KTN0018.jpg
DUP : KTW0016.jpg
DUP : KTW0018.jpg
DUP : KTB0012.jpg
DUP : KTN0115.jpg
DUP : KTG0020.jpg
DUP : KTG0021.jpg
DUP : KTN0020.jpg
DUP : KTG0013.jpg
DUP : KTC0019.jpg
DUP : KTN0012.jpg
DUP : KTN0021.jpg
DUP : KTN0016.jpg
DUP : KTG0027.jpg
DUP : KTN0015.jpg
DUP : KTN0023.jpg
DUP : KTW0024.jpg
DUP : KTW0015.jpg
DUP : KTN0010.jpg
DUP : KTN0017.jpg
DUP : KTG0015.jpg
DUP : KTC0011.jpg
DUP : KTW0010.jpg
DUP : KTC0026.jpg
DUP : KTN0117.jpg
DUP : KTG0033.jpg
DUP : KTW0032.jpg
DUP : KTW0033.jpg
DUP : KTN0033.jpg
DUP : KTG0031.jpg
DUP : KTG0105.jpg
DUP : KTG0112.jpg
DUP : KTB0033.jpg
DUP : KTN0031.jpg
DUP : KTG0028.jpg
DUP : KTN0027.jpg
DUP : KTG0016.jpg
DUP : KTC0040.jpg
DUP : KTW0030.jpg
DUP : KTC0031.jpg
DUP : KTG0044.jpg
DUP : KTN0044.jpg
DUP : KTC0041.jpg
DUP : KTG0035.jpg
DUP : KTG0032.jpg
DUP : KTG0006.jpg
DUP : KTC0017.jpg
DUP : KTC0045.jpg
DUP : KTN0045.jpg
DUP : KTN0039.jpg
DUP : KTW0036.jpg
DUP : KTB0014.jpg
DUP : KTG0043.jpg
DUP : KTN0050.jpg
DUP : KTN0036.jpg
DUP : KTG0017.jpg
DUP : KTG0050.jpg
DUP : KTC0042.jpg
DUP : KTG0052.jpg
DUP : KTB0034.jpg
DUP : KTW0023.jpg
DUP : KTW0020.jpg
DUP : KTW0047.jpg
DUP : KTB0037.jpg
DUP : KTC0007.jpg
DUP : KTN0051.jpg
DUP : KTC0052.jpg
DUP : KTW0120.jpg
DUP : KTC0056.jpg
DUP : KTC0053.jpg
DUP : KTN0054.jpg
DUP : KTN0014.jpg
DUP : KTW0034.jpg
DUP : KTG0053.jpg
DUP : KTB0053.jpg
DUP : KTC0051.jpg
DUP : KTB0032.jpg
DUP : KTB0028.jpg
DUP : KTB0025.jpg
DUP : KTN0130.jpg
DUP : KTW0126.jpg
DUP : KTG0128.jpg
DUP : KTC0058.jpg
DUP : KTN0057.jpg
DUP : KTN0058.jpg
DUP : KTN0056.jpg
DUP : KTB0029.jpg
DUP : KTC0032.jpg
DUP : KTG0014.jpg
DUP : KTG0054.jpg
DUP : KTW0130.jpg
DUP : KTW0056.jpg
DUP : KTG0055.jpg
DUP : KTB0054.jpg
DUP : KTB0055.jpg
DUP : KTG0051.jpg
DUP : KTB0130.jpg
DUP : KTB0124.jpg
DUP : KTG0057.jpg
DUP : KTG0058.jpg
DUP : KTC0061.jpg
DUP : KTG0121.jpg
DUP : KTW0121.jpg
DUP : KTW0058.jpg
DUP : KTC0033.jpg
DUP : KTG0003.jpg
DUP : KTC0037.jpg
DUP : KTW0127.jpg
DUP : KTN0122.jpg
DUP : KTG0029.jpg
DUP : KTC0035.jpg
DUP : KTW0124.jpg
DUP : KTB0123.jpg
DUP : KTW0122.jpg
DUP : KTG0067.jpg
DUP : KTG0019.jpg
DUP : KTB0057.jpg
DUP : KTB0039.jpg
DUP : KTC0069.jpg
DUP : KTN0069.jpg
DUP : KTW0068.jpg
DUP : KTW0026.jpg
DUP : KTG0066.jpg
DUP : KTN0066.jpg
DUP : KTC0060.jpg
DUP : KTC0065.jpg
DUP : KTB0068.jpg
DUP : KTG0037.jpg
DUP : KTN0037.jpg
DUP : KTN0071.jpg
DUP : KTG0072.jpg
DUP : KTN0052.jpg
DUP : KTC0121.jpg
DUP : KTG0069.jpg
DUP : KTB0069.jpg
DUP : KTW0070.jpg
DUP : KTW0052.jpg
DUP : KTG0034.jpg
DUP : KTC0074.jpg
DUP : KTW0073.jpg
DUP : KTB0071.jpg
DUP : KTN0019.jpg
DUP : KTG0064.jpg
DUP : KTB0075.jpg
DUP : KTG0073.jpg
DUP : KTG0071.jpg
DUP : KTW0063.jpg
DUP : KTN0022.jpg
DUP : KTG0077.jpg
DUP : KTN0076.jpg
DUP : KTW0072.jpg
DUP : KTB0066.jpg
DUP : KTPB01.jpg
DUP : KTN0078.jpg
DUP : KTC0077.jpg
DUP : KTN0074.jpg
DUP : KTC0076.jpg
DUP : KTW0071.jpg
DUP : KTW0125.jpg
DUP : KTG0118.jpg
DUP : KTN0060.jpg
DUP : KTB0061.jpg
DUP : KTN0001.jpg
DUP : KTB0064.jpg
DUP : KTW0078.jpg
DUP : KTG0078.jpg
DUP : KTW0076.jpg
DUP : KTN0043.jpg
DUP : KTB0060.jpg
DUP : KTC0103.jpg
DUP : KTC0023.jpg
DUP : KTG0081.jpg
DUP : KTC0082.jpg
DUP : KTB0005.jpg
DUP : KTC0122.jpg
DUP : KTC0038.jpg
DUP : KTB0084.jpg
DUP : KTW084.jpg
DUP : KTG0115.jpg
DUP : KTB0002.jpg
DUP : KTW0040.jpg
DUP : KTC0084.jpg
DUP : KTB0082.jpg
DUP : KTN0085.jpg
DUP : KTB0083.jpg
DUP : KTC0083.jpg
DUP : KTW082.jpg
DUP : KTC0081.jpg
DUP : KTN0082.jpg
DUP : KTB0080.jpg
DUP : KTC0071.jpg
DUP : KTG0042.jpg
DUP : KTG0129.jpg
DUP : KTN0112.jpg
DUP : KTW0042.jpg
DUP : KTW0103.jpg
DUP : KTN0024.jpg
DUP : KTG0090.jpg
DUP : KTC0075.jpg
DUP : KTG0085.jpg
DUP : KTG0045.jpg
DUP : KTW0129.jpg
DUP : KTB0121.jpg
DUP : KTC0090.jpg
DUP : KTC0088.jpg
DUP : KTW088.jpg
DUP : KTG0082.jpg
DUP : KTB0067.jpg
DUP : KTG0130.jpg
DUP : KTC0025.jpg
DUP : KTG0124.jpg
DUP : KTG0091.jpg
DUP : KTC0087.jpg
DUP : KTN0086.jpg
DUP : KTN0072.jpg
DUP : KTG0088.jpg
DUP : KTB0088.jpg
DUP : KTN0088.jpg
DUP : KTC0085.jpg
DUP : KTC0130.jpg
DUP : KTB0006.jpg
DUP : KTB0106.jpg
DUP : KTB0026.jpg
DUP : KTN0094.jpg
DUP : KTG0094.jpg
DUP : KTC0092.jpg
DUP : KTB0127.jpg
DUP : KTG0096.jpg
DUP : KTG0092.jpg
DUP : KTB0091.jpg
DUP : KTN0087.jpg
DUP : KTN0126.jpg
DUP : KTW0115.jpg
DUP : KTG0040.jpg
DUP : KTC0086.jpg
DUP : KTB0072.jpg
DUP : KTN0097.jpg
DUP : KTB0092.jpg
DUP : KTN0096.jpg
DUP : KTC0100.jpg
DUP : KTG0024.jpg
DUP : KTN0089.jpg
DUP : KTG0122.jpg
DUP : KTN0090.jpg
DUP : KTG0097.jpg
DUP : KTW083.jpg
DUP : KTG0100.jpg
DUP : KTN0100.jpg
DUP : KTB0096.jpg
DUP : KTW089.jpg
DUP : KTC0089.jpg
DUP : KTB0081.jpg
DUP : KTB0097.jpg
DUP : KTW0131.jpg
DUP : KTW0100.jpg
DUP : KTB0107.jpg
DUP : KTC0136.jpg
DUP : KTW0136.jpg
DUP : KTW0134.jpg
DUP : KTW0006.jpg
DUP : KTG0137.jpg
DUP : KTC0137.jpg
DUP : KTW0137.jpg
DUP : KTC0138.jpg
DUP : KTC0139.jpg
DUP : KTW0138.jpg
DUP : KTB0140.jpg
DUP : KTC0002.jpg
DUP : KTN0055.jpg
DUP : KTB0147.jpg
DUP : KTG0155.jpg
DUP : KTG0108.jpg
DUP : KTG0075.jpg
DUP : KTC0022.jpg
DUP : KTW0028.jpg
DUP : KTN0067.jpg
DUP : KTB0136.jpg
DUP : KTC0166.jpg
DUP : KTB0167.jpg
DUP : KTN0166.jpg
DUP : KTN0167.jpg
DUP : KTC0167.jpg
DUP : KTW0108.jpg
DUP : KTB0094.jpg
DUP : KTB0139.jpg
DUP : KTB0157.jpg
DUP : KTG0001.jpg
DUP : KTB0111.jpg
DUP : KTW0038.jpg
DUP : KTB0156.jpg
DUP : KTB0151.jpg
DUP : KTB0135.jpg
DUP : KTW0037.jpg
DUP : KTW0151.jpg
DUP : KTB0104.jpg
DUP : KTB0115.jpg
DUP : KTC0140.jpg
DUP : KTN0101.jpg
DUP : KTB0102.jpg
DUP : KTB0153.jpg
DUP : KTPW02.jpg
DUP : KTW0054.jpg
DUP : KTW0051.jpg
DUP : KTW0050.jpg
DUP : KTW0049.jpg
DUP : KTW0053.jpg
DUP : KTW0048.jpg
DUP : SHARKDOG-tshirts-224a.jpg
DUP : SHARKDOG-tshirts-225a.jpg
DUP : SHARKDOG-tshirts-223a.jpg
DUP : SHARKDOG-tshirts-222a.jpg
DUP : SHARKDOG-tshirts-221a.jpg
DUP : SHARKDOG-tshirts-219a.jpg
DUP : SHARKDOG-tshirts-220a.jpg
DUP : SHARKDOG-tshirts-218a.jpg
DUP : SHARKDOG-tshirts-215a.jpg
DUP : SHARKDOG-tshirts-216a.jpg
DUP : SHARKDOG-tshirts-217a.jpg
DUP : SHARKDOG-tshirts-214.jpg
DUP : SHARKDOG-tshirts-213.jpg
DUP : SHARKDOG-tshirts-212.jpg
DUP : loving-flower_t_12u.jpg
DUP : loving-flower_t_13u.jpg
DUP : loving-flower_t_14u.jpg
DUP : loving-flower_t_11u.jpg
DUP : loving-flower_t_10u.jpg
DUP : loving-flower_t_09u.jpg
DUP : loving-flower_t_08u.jpg
DUP : loving-flower_t_07u.jpg
DUP : loving-flower_t_06u.jpg
DUP : SHARKDOG-T-67g.jpg
DUP : WOOPS-T-99t.jpg
DUP : woops-T-18.jpg
DUP : LKAFRICA-T-27a.jpg
DUP : Camten-tshirts-04.jpg
DUP : FICO_tshirts-37g.jpg
DUP : Camten-tshirts-33.jpg
DUP : SHARKDOG-T-93g.jpg
DUP : FICO_tshirts-31g.jpg
DUP : FICO_tshirts-34g.jpg
DUP : FICO_tshirts-54g.jpg
DUP : SHARKDOG-T-195g.jpg
DUP : WOOPS-T-85t.jpg
DUP : FICO_tshirts-36g.jpg
DUP : BlackLucifer_T_08a.jpg
DUP : SHARKDOG-T-143g.jpg
DUP : SHARKDOG-T-165g.jpg
DUP : SHARKDOG-T-139g.jpg
DUP : AMIANG_T-shirts_11a.jpg
DUP : SHARKDOG-T-109g.jpg
DUP : FICO_tshirts-50g.jpg
DUP : FICO_tshirts-57g.jpg
DUP : SHARKDOG-T-110g.jpg
DUP : WOOPS-T-110t.jpg
DUP : WOOPS-T-126t.jpg
DUP : SHARKDOG-T-199g.jpg
DUP : Camten-tshirts-15.jpg
DUP : BlackLucifer_T_09a.jpg
DUP : Antonio-pirates_T-shirts_09.jpg
DUP : SHARK-DOG-T-19.jpg
DUP : LKAFRICA-T-14s.jpg
DUP : SHARKDOG-T-92g.jpg
DUP : SHARKDOG-T-188g.jpg
DUP : RAVEN_T-shirts_25t.jpg
DUP : SHARKDOG-T-150g.jpg
DUP : FICO_tshirts-40g.jpg
DUP : NinjaTalyor_T-shirts_12.jpg
DUP : FICO_tshirts-33g.jpg
DUP : SHARKDOG-T-126g.jpg
DUP : GangsterGuile_T-shirts_21a.jpg
DUP : RUNCH-T-14t.jpg
DUP : Camten-tshirts-42.jpg
DUP : SHARKDOG-T-77f.jpg
DUP : Roduck_T-shirts_09a.jpg
DUP : Roduck_T-shirts_04a.jpg
DUP : FICO_tshirts-30g.jpg
DUP : LKAFRICA-T-18a.jpg
DUP : Camten-tshirts-53.jpg
DUP : SHARKDOG-T-198g.jpg
DUP : Camten-tshirts-07a.jpg
DUP : DITTO_T-shirts_02a.jpg
DUP : SHARKDOG-T-184g.jpg
DUP : Graffiti-tree_T-shirts_04.jpg
DUP : Camten-tshirts-32.jpg
DUP : SHARKDOG-T-170G.jpg
DUP : SHARKDOG-T-203g.jpg
DUP : SHARKDOG-T-209g.jpg
DUP : SHARKDOG-T-210g.jpg
DUP : SHARKDOG-T-211g.jpg
DUP : SHARKDOG-T-207g.jpg
DUP : SHARKDOG-T-208g.jpg
DUP : SHARKDOG-T-205g.jpg
DUP : SHARKDOG-T-206g.jpg
DUP : SHARKDOG-T-204g.jpg
DUP : SHARKDOG-T-202g.jpg
DUP : SHARKDOG-T-200g.jpg
DUP : SHARKDOG-T-193g.jpg
DUP : SHARKDOG-T-194g.jpg
DUP : SHARKDOG-T-196g.jpg
DUP : SHARKDOG-T-197g.jpg
DUP : SHARKDOG-T-192g.jpg
DUP : SHARKDOG-T-189g.jpg
DUP : SHARKDOG-T-190g.jpg
DUP : SHARKDOG-T-191g.jpg
DUP : SHARKDOG-T-175g.jpg
DUP : Camten-tshirts-45.jpg
DUP : SHARKDOG-T-187g.jpg
DUP : SHARKDOG-T-183g.jpg
DUP : SHARKDOG-T-185g.jpg
DUP : SHARKDOG-T-186g.jpg
DUP : SHARKDOG-T-173g.jpg
DUP : SHARKDOG-T-178g.jpg
DUP : SHARKDOG-T-179g.jpg
DUP : SHARKDOG-T-180g.jpg
DUP : SHARKDOG-T-181g.jpg
DUP : SHARKDOG-T-182g.jpg
DUP : SHARKDOG-T-176g.jpg
DUP : SHARKDOG-T-177g.jpg
DUP : SHARKDOG-T-174g.jpg
DUP : DMK_T-shirts_12t.jpg
DUP : SHARKDOG-T-55g.jpg
DUP : SHARKDOG-T-212.jpg
DUP : SHARKDOG-T-213.jpg
DUP : SHARKDOG-T-214.jpg
DUP : SHARKDOG-T-215.jpg
DUP : SHARKDOG-T-157g.jpg
DUP : SHARKDOG-T-171G.jpg
DUP : SHARKDOG-T-172G.jpg
DUP : SHARKDOG-T-169G.jpg
DUP : SHARKDOG-T-81g.jpg
DUP : SHARKDOG-T-168g.jpg
DUP : SHARKDOG-T-166g.jpg
DUP : SHARKDOG-T-167g.jpg
DUP : SHARKDOG-T-161g.jpg
DUP : SHARKDOG-T-162g.jpg
DUP : SHARKDOG-T-163g.jpg
DUP : SHARKDOG-T-164g.jpg
DUP : SNUK_T-shirts_16s.jpg
DUP : DMK_T-shirts_16t.jpg
DUP : SHARKDOG-T-107g.jpg
DUP : SHARKDOG-T-160g.jpg
DUP : SHARKDOG-T-156g.jpg
DUP : SHARKDOG-T-153g.jpg
DUP : SHARKDOG-T-151g.jpg
DUP : SHARKDOG-T-152g.jpg
DUP : SHARKDOG-T-145G.jpg
DUP : SHARKDOG-T-146G.jpg
DUP : SHARKDOG-T-147G.jpg
DUP : SHARKDOG-T-148G.jpg
DUP : SHARKDOG-T-142g.jpg
DUP : SHARKDOG-T-130g.jpg
DUP : FICO_tshirts-47g.jpg
DUP : SHARKDOG-T-140g.jpg
DUP : SHARKDOG-T-137g.jpg
DUP : SHARKDOG-T-111g.jpg
DUP : SHARKDOG-T-135g.jpg
DUP : SHARKDOG-T-136g.jpg
DUP : SHARKDOG-T-133g.jpg
DUP : SHARKDOG-T-134g.jpg
DUP : SHARKDOG-T-91G.jpg
DUP : SHARKDOG-T-129g.jpg
DUP : SHARKDOG-T-125g.jpg
DUP : WOOPS-T-96t.jpg
DUP : SHARKDOG-T-121g.jpg
DUP : SHARKDOG-T-123g.jpg
DUP : SHARKDOG-T-116g.jpg
DUP : DMK_T-shirts_57t.jpg
DUP : SHARKDOG-T-114g.jpg
DUP : DMK_T-shirts_54t.jpg
DUP : SHARKDOG-T-122g.jpg
DUP : SHARKDOG-T-118g.jpg
DUP : SHARKDOG-T-117g.jpg
DUP : SHARKDOG-T-113g.jpg
DUP : SHARKDOG-T-108g.jpg
DUP : SHARKDOG-T-106g.jpg
DUP : SHARKDOG-T-104g.jpg
DUP : SHARKDOG-T-105g.jpg
DUP : SHARKDOG-T-96g.jpg
DUP : FICO_tshirts-29g.jpg
DUP : SHARKDOG-T-84g.jpg
DUP : BlackLucifer_T_11a.jpg
DUP : SHARKDOG-T-97g.jpg
DUP : SHARKDOG-T-98g.jpg
DUP : SHARKDOG-T-99g.jpg
DUP : SHARKDOG-T-94g.jpg
DUP : SHARKDOG-T-95g.jpg
DUP : SHARKDOG-T-89G.jpg
DUP : SHARKDOG-T-90G.jpg
DUP : Camten-tshirts-49.jpg
DUP : SHARKDOG-T-82g.jpg
DUP : SNUK_T-shirts_09s.jpg
DUP : Camten-tshirts-46.jpg
DUP : Camten-tshirts-26.jpg
DUP : Camten-tshirts-34.jpg
DUP : Camten-tshirts-43.jpg
DUP : Camten-tshirts-41.jpg
DUP : Camten-tshirts-37.jpg
DUP : Camten-tshirts-39.jpg
DUP : SNUK_T-shirts_15q.jpg
DUP : RAVEN_T-shirts_37t.jpg
DUP : FICO_tshirts-52g.jpg
DUP : FICO_tshirts-39g.jpg
DUP : Camten-tshirts-25.jpg
DUP : Camten-tshirts-24.jpg
DUP : Camten-tshirts-20.jpg
DUP : Camten-tshirts-21.jpg
DUP : Camten-tshirts-22.jpg
DUP : Camten-tshirts-03.jpg
DUP : Camten-tshirts-17.jpg
DUP : Camten-tshirts-18.jpg
DUP : SHARKDOG-T-73g.jpg
DUP : SHARKDOG-T-74g.jpg
DUP : SHARKDOG-T-72g.jpg
DUP : SHARKDOG-T-58g.jpg
DUP : SHARKDOG-T-49g.jpg
DUP : SHARKDOG-T-54g.jpg
DUP : SHARKDOG-T-51g.jpg
DUP : SHARKDOG-T-62g.jpg
DUP : DMK_T-shirts_41t.jpg
DUP : FICO_tshirts-25g.jpg
DUP : FICO_tshirts-45g.jpg
DUP : Camten-tshirts-02.jpg
DUP : FICO_tshirts-21g.jpg
DUP : FICO_tshirts-20g.jpg
DUP : FICO_tshirts-06c.jpg
DUP : WOOPS-T-137t.jpg
DUP : WOOPS-T-133t.jpg
DUP : WOOPS-T-131t.jpg
DUP : WOOPS-T-129t.jpg
DUP : WOOPS-T-124t.jpg
DUP : WOOPS-T-116t.jpg
DUP : WOOPS-T-102t.jpg
DUP : WOOPS-T-105t.jpg
DUP : WOOPS-T-95t.jpg
DUP : DMK_T-shirts_47t.jpg
DUP : RAVEN_T-shirts_16t.jpg
DUP : RUNCH-T-03t.jpg
DUP : RAVEN_T-shirts_26t.jpg
DUP : RUNCH-T-37t.jpg
DUP : WOOPS-T-63t.jpg
DUP : WOOPS-T-65t.jpg
DUP : RUNCH-T-08t.jpg
DUP : RUNCH-T-38t.jpg
DUP : RUNCH-T-39t.jpg
DUP : RUNCH-T-40t.jpg
DUP : RUNCH-T-27t.jpg
DUP : RUNCH-T-33t.jpg
DUP : RUNCH-T-31t.jpg
DUP : RUNCH-T-25t.jpg
DUP : RUNCH-T-26t.jpg
DUP : RUNCH-T-23t.jpg
DUP : RUNCH-T-18t.jpg
DUP : RUNCH-T-15t.jpg
DUP : RUNCH-T-13t.jpg
DUP : RUNCH-T-10t.jpg
DUP : RUNCH-T-04t.jpg
DUP : RUNCH-T-02t.jpg
DUP : RAVEN_T-shirts_40t.jpg
DUP : RAVEN_T-shirts_30t.jpg
DUP : RAVEN_T-shirts_28t.jpg
DUP : RAVEN_T-shirts_22t.jpg
DUP : DMK_T-shirts_56t.jpg
DUP : DMK_T-shirts_24t.jpg
DUP : DMK_T-shirts_35t.jpg
DUP : DMK_T-shirts_29t.jpg
DUP : DMK_T-shirts_44t.jpg
DUP : DMK_T-shirts_19t.jpg
DUP : DMK_T-shirts_21t.jpg
DUP : DMK_T-shirts_22t.jpg
DUP : DMK_T-shirts_18t.jpg
DUP : DMK_T-shirts_33t.jpg
DUP : DMK_T-shirts_34t.jpg
DUP : DMK_T-shirts_31t.jpg
DUP : DMK_T-shirts_28t.jpg
DUP : Lily-tshirts-29.jpg
DUP : SNUK_T-shirts_19s.jpg
DUP : woops-T-06.jpg
DUP : URAZ_T-shirts_04.jpg
DUP : ALLY_T-shirts_05a.jpg
DUP : woops-T-10.jpg
DUP : BikeRabbit_T-shirts_17.jpg
DUP : URAZ_T-shirts_10.jpg
DUP : SNUK_T-shirts_18s.jpg
DUP : BikeRabbit_T-shirts_11.jpg
DUP : ALLY_T-shirts_13a.jpg
DUP : BikeRabbit_T-shirts_20.jpg
DUP : LKAFRICA-T-07a.jpg
DUP : AMIANG_T-shirts_13a.jpg
DUP : AMIANG_T-shirts_14a.jpg
DUP : DITTO_T-shirts_06a.jpg
DUP : AMIANG_T-shirts_08s.jpg
DUP : URAZ_T-shirts_07.jpg
DUP : BikeRabbit_T-shirts_10.jpg
DUP : SNUK_T-shirts_28s.jpg
DUP : SNUK_T-shirts_22s.jpg
DUP : Gangsterguile_T-shirts_01.jpg
DUP : Gangsterguile_T-shirts_03.jpg
DUP : AMIANG_T-shirts_10a.jpg
DUP : Graffiti-tree_T-shirts_05.jpg
DUP : LKAFRICA-T-02z.jpg
DUP : Roduck_T-shirts_05a.jpg
DUP : BikeRabbit_T-shirts_14.jpg
DUP : LKAFRICA-T-12a.jpg
DUP : Antonio-pirates_T-shirts_06.jpg
DUP : ALLY_T-shirts_06a.jpg
DUP : ALLY_T-shirts_12a.jpg
DUP : Gangsterguile_T-shirts_06.jpg
DUP : BikeRabbit_T-shirts_S01-2.jpg
DUP : BikeRabbit_T-shirts_S01-4.jpg
DUP : Lily-tshirts-08.jpg
DUP : URAZ_T-shirts_12.jpg
DUP : NinjaTalyor_T-shirts_11.jpg
DUP : Gangsterguile_T-shirts_07.jpg
DUP : BikeRabbit_T-shirts_22.jpg
DUP : GangsterGuile_T-shirts_19.jpg
DUP : SNUK_T-shirts_23s.jpg
DUP : BikeRabbit_T-shirts_13.jpg
DUP : SNUK_T-shirts_08s.jpg
DUP : woops-T-09.jpg
DUP : GangsterGuile_T-shirts_11a.jpg
DUP : DITTO_T-shirts_07a.jpg
DUP : ShakePAP_T-shirts_02a.jpg
DUP : SHARKDOG_T-shirts_S01-2.jpg
DUP : LKAFRICA-T-16a.jpg
DUP : NinjaTalyor_T-shirts_07.jpg
DUP : ALLY_T-shirts_01a.jpg
DUP : ALLY_T-shirts_08a.jpg
DUP : SNUK_T-shirts_06s.jpg
DUP : SNUK_T-shirts_17s.jpg
DUP : BikeRabbit_T-shirts_16.jpg
DUP : NinjaTalyor_T-shirts_10.jpg
DUP : URAZ_T-shirts_09.jpg
DUP : SNUK_T-shirts_01s.jpg
DUP : NinjaTalyor_T-shirts_09.jpg
DUP : LKAFRICA-T-19a.jpg
DUP : Roduck_T-shirts_06a.jpg
DUP : BikeRabbit_T-shirts_24.jpg
DUP : URAZ_T-shirts_03.jpg
DUP : SHARKDOG_T-shirts_S01-1.jpg
DUP : Lily-tshirts-10.jpg
DUP : ALLY_T-shirts_14a.jpg
DUP : LKAFRICA-T-11a.jpg
DUP : GangsterGuile_T-shirts_08a.jpg
DUP : BikeRabbit_T-shirts_23.jpg
DUP : Lily-tshirts-03.jpg
DUP : Lily-tshirts-09.jpg
DUP : Lily-tshirts-11.jpg
DUP : SHARKDOG_tshirts-124.jpg
DUP : ALLY_T-shirts_04a.jpg
DUP : BikeRabbit_T-shirts_S01-3.jpg
DUP : SNUK_T-shirts_11s.jpg
DUP : ALLY_T-shirts_09a.jpg
DUP : GangsterGuile_T-shirts_12a.jpg
DUP : LKAFRICA-T-24A.jpg
DUP : ALLY_T-shirts_15a.jpg
DUP : Roduck_T-shirts_11a.jpg
DUP : SNUK_T-shirts_27s.jpg
DUP : Roduck_T-shirts_08a.jpg
DUP : Gangsterguile_T-shirts_05.jpg
DUP : SNUK_T-shirts_29a.jpg
DUP : URAZ_T-shirts_05.jpg
DUP : Lily-tshirts-01.jpg
DUP : ALLY_T-shirts_02a.jpg
DUP : BlackLucifer_T_05.jpg
DUP : Graffiti-tree_T-shirts_06.jpg
DUP : ALLY_T-shirts_17a.jpg
DUP : Antonio-pirates_T-shirts_07.jpg
DUP : GangsterGuile_T-shirts_13a.jpg
DUP : DITTO_T-shirts_01a.jpg
DUP : SNUK_T-shirts_03q.jpg
DUP : Graffiti-tree_T-shirts_S01-1.jpg
DUP : SNUK_T-shirts_30s.jpg
DUP : NinjaTalyor_T-shirts_06.jpg
DUP : URAZ_T-shirts_13.jpg
DUP : SNUK_T-shirts_13q.jpg
DUP : Roduck_T-shirts_07a.jpg
DUP : NinjaTalyor_T-shirts_15.jpg
DUP : Lily-tshirts-17.jpg
DUP : Lily-tshirts-16.jpg
DUP : Lily-tshirts-15.jpg
DUP : Lily-tshirts-07.jpg
DUP : Lily-tshirts-24.jpg
DUP : Lily-tshirts-22.jpg
DUP : Lily-tshirts-21.jpg
DUP : Lily-tshirts-23.jpg
DUP : Lily-tshirts-20.jpg
DUP : Lily-tshirts-19.jpg
DUP : SNUK_T-shirts_10s.jpg
DUP : DMK_T-shirts_11t.jpg
DUP : DMK_T-shirts_14t.jpg
DUP : DMK_T-shirts_26t.jpg
DUP : DMK_T-shirts_27t.jpg
DUP : DMK_T-shirts_50t.jpg
DUP : DMK_T-shirts_46t.jpg
DUP : DMK_T-shirts_48t.jpg
DUP : DMK_T-shirts_55t.jpg
DUP : RAVEN_T-shirts_13t.jpg
DUP : RAVEN_T-shirts_12t.jpg
DUP : RAVEN_T-shirts_11t.jpg
DUP : RAVEN_T-shirts_07t.jpg
DUP : RAVEN_T-shirts_18t.jpg
DUP : RAVEN_T-shirts_15t.jpg
DUP : RAVEN_T-shirts_29t.jpg
DUP : RAVEN_T-shirts_24t.jpg
DUP : Roduck_T-shirts_01s.jpg
DUP : LKAFRICA-T-20a.jpg
DUP : RAVEN_T-shirts_23t.jpg
DUP : RAVEN_T-shirts_38t.jpg
DUP : DMK_T-shirts_58t.jpg
DUP : KTC0166.jpg
DUP : KTB0167.jpg
DUP : KTN0166.jpg
DUP : KTN0167.jpg
DUP : KTC0167.jpg
DUP : BP2205072.jpg
DUP : BP2205076.jpg
DUP : BP2205073.jpg
DUP : BP2205075.jpg
DUP : MMBTS301-DG.jpg
DUP : MMBTS301-NA.jpg
DUP : MMBTS301-WH.jpg
DUP : MMBTS301-BK.jpg
DUP : MMBTS301-CR.jpg
DUP : 321442BY2L.jpg
DUP : 422465LY25.jpg
DUP : 322551LY1L.jpg
DUP : 112542CY11.jpg
DUP : 212542DY84.jpg
DUP : 352442IQ20.jpg
DUP : 452442LQER.jpg
DUP : 322542LY14.jpg
DUP : 322542LYDF.jpg
DUP : 422465LY2P.jpg
DUP : YC3SS8803WH.jpg
DUP : YC3SS0061WH.jpg
DUP : YC3SS0071BK.jpg
DUP : YC3SS0061NA.jpg
DUP : YC3SS0101LG.jpg
DUP : 505548.jpg
DUP : 505542.jpg
DUP : 505550.jpg
DUP : 505554.jpg
DUP : 505545.jpg
DUP : 505553.jpg
DUP : CKTS2E234D2.jpg
DUP : CKTS2E234U3.jpg
DUP : CKTS2E234E2.jpg
DUP : CKTS2E234I2.jpg
DUP : CKTS2E339N2.jpg
DUP : CKTS2E339D2.jpg
DUP : CKTS2E339G1.jpg
DUP : CKTS2E339R2.jpg
DUP : CKTS2E327Y1.jpg
DUP : CKTS2E327B5.jpg
DUP : CKTS2E327E3.jpg
DUP : C22SC17.jpg
DUP : C22SC01.jpg
DUP : C22SC06.jpg
DUP : C22SC18.jpg
DUP : C22SC02.jpg
DUP : C22SC07.jpg
DUP : C22SC11.jpg
DUP : C22SC16.jpg
DUP : C22SC12.jpg
DUP : C22SC08.jpg
DUP : C22SC05.jpg
DUP : 2229047.jpg
DUP : 2229048.jpg
DUP : 2229044.jpg
DUP : 2229045.jpg
DUP : 2229046.jpg
DUP : K2223LRS47NVY.jpg
DUP : K2223LRS53WHT.jpg
DUP : K2223LRS49MNT.jpg
DUP : 2229063.jpg
DUP : 2229073.jpg
DUP : 2229069.jpg
DUP : 2229070.jpg
DUP : 2229071.jpg
DUP : FST205KK.jpg
DUP : FST190NV.jpg
DUP : FST182NV.jpg
DUP : FST205GY.jpg
DUP : FST182WH.jpg
DUP : FST190CG.jpg
DUP : FST180LB.jpg
DUP : FST180CG.jpg
DUP : FST203NV.jpg
DUP : FST715LN.jpg
DUP : FST715WH.jpg
DUP : FST182BR.jpg
DUP : Q2MMTS012IVO.jpg
DUP : Q2MMTS012NAY.jpg
DUP : Q2MMTS012BLK.jpg
DUP : Q2MMTS012GRE.jpg
DUP : Q2MMTS020GRE.jpg
DUP : Q2MMTS021YEL.jpg
DUP : MNPOTSH1N821223-100.jpg
DUP : 48500.jpg
DUP : 48497.jpg
DUP : 48501.jpg
DUP : 48506.jpg
DUP : 48504.jpg
DUP : 48507.jpg
DUP : 48511.jpg
DUP : 48508.jpg
DUP : 피그먼트레터링블랙로고오버핏반팔티.png
DUP : 피그먼트레터링화이트로고오버핏반팔티.png
DUP : 캣츠그래픽오버핏반팔티.png
DUP : 링가링가로고그래픽오버핏반팔티.png
DUP : 눈사람로고그래픽오버핏반팔티.png
DUP : 케잌냠냠그래픽오버핏반팔티.png
DUP : 로고그래픽오버핏반팔티.png
DUP : 푸들강아지그래픽오버핏반팔티.png
DUP : 헤드셋보이그래픽오버핏반팔티.png
DUP : 위아.png
DUP : 2pack-독도일러스트.png
DUP : 아리보화이트.png
DUP : 2pack-사각.png
DUP : 2pack-독도레터링.png
DUP : 아리보그린.png
DUP : 2pack-레터링.png
DUP : P0000FTR.jpg
DUP : FN2KT43U.jpg
DUP : 릴렉스반팔티.jpg
DUP : 스텝반팔티.jpg
DUP : 블루보틀반팔티.jpg
DUP : 치타반팔티.jpg
DUP : 반팔트임.jpg
DUP : 반팔버튼.jpg
DUP : 스톤워싱스판반팔.jpg
DUP : [패키지]repentancenecklace+scripttee(White).jpg
DUP : [패키지]repentancenecklace+scripttee(Black).jpg
DUP : [패키지]oversizehalftee.jpg
DUP : 쿨원단하프넥반팔티.jpg
DUP : 리스펙트크롭탑04.jpg
DUP : 하이반팔티.jpg
DUP : 리스펙트반팔티10.jpg
DUP : 리스펙트크롭탑02.jpg
DUP : 리스펙트크롭탑03.jpg
DUP : 리스펙트반팔티05.jpg
DUP : 스티븐반팔티화이트.jpg
DUP : 솔라시스템반팔티.jpg
DUP : 리스펙트반팔티03.jpg
DUP : 테퀴에로반팔티화이트.jpg
DUP : 리스펙트반팔티07.jpg
DUP : 리스펙트반팔티04.jpg
DUP : 리스펙트반팔티02.jpg
DUP : 리스펙트반팔티08.jpg
DUP : 스티븐반팔티블랙.jpg
DUP : 네버어게인워반팔티.jpg
DUP : 테퀴에로반팔티블랙.jpg
DUP : 리스펙트반팔티06.jpg
DUP : 솔라시스템반팔티화이트.jpg
DUP : 지니어스스마일반팔티.jpg
DUP : 퍼킨제일반팔티.jpg
DUP : 써니써니반팔티.jpg
DUP : 리스펙트반팔티11.jpg
DUP : [PACKAGE]PARKNGRAYSSTSET.jpg
DUP : [PACKAGE]MOTOCAMPNSURFERSSTSET.jpg
DUP : [PACKAGE]CAMPINGCLUBSSTSET.jpg
DUP : [PACKAGE]SKATERNSURFERSSTSET.jpg
DUP : [PACKAGE]GRAYSSTSET.jpg
DUP : [CoolCotton]2-PACKLOGOTEE.jpg
DUP : [SET]B-LayeredT-Shirt.jpg
DUP : [K.SWISSXF.ILLUMINATE]OverfitStrokingBearTee.jpg
DUP : [K.SWISSXF.ILLUMINATE]OverfitActiveTennisBallTee.jpg
DUP : AuthenticLogoT-Shirt.jpg
DUP : YES926.jpg
DUP : YES927.jpg
DUP : HC1963.jpg
DUP : HC2013.jpg
DUP : LW222TS198_LIGHTGREY.jpg
DUP : LW222TS197_LIGHTGREY.jpg
DUP : LW222TS199_LIGHTGREY.jpg
DUP : LW222TS198_WHITE.jpg
DUP : LW222TS490_BLACK.jpg
DUP : LW222TS416_WHITE.jpg
DUP : BC2442A30P.jpg
DUP : BC2442A302.jpg
DUP : BC2442A24R.jpg
DUP : BC2442A24D.jpg
DUP : BC2442A240.jpg
DUP : BC2442A341.jpg
DUP : BC2442C22R.jpg
DUP : BC2442A315.jpg
DUP : BC2442C52N.jpg
DUP : BC2442A400.jpg
DUP : 2229038.jpg
DUP : 2229035.jpg
DUP : 2229036.jpg
DUP : 무신사.jpg
DUP : 202201002.jpg
DUP : 202200975.jpg
DUP : LF1SKN1605.jpg
DUP : LF1SKN1404.jpg
DUP : LF1FKN5324.jpg
DUP : LF1SKN1652.jpg
DUP : LF1FKN0254.jpg
DUP : LF1FKN4005.jpg
DUP : LF1SKN1501.jpg
DUP : radirwts0026.jpg
DUP : radirwts0027.jpg
DUP : radirnts0026.jpg
DUP : radirbgts0027.jpg
DUP : radirgts0027.jpg
DUP : OWTRK7101-829.jpg
DUP : OUTRK3105-408.jpg
DUP : OUTRK3101-817.jpg
DUP : OUTRK3101-408.jpg
DUP : KittenBoxyTee[BLACK].jpg
DUP : KittenBoxyTee[WHITE].jpg
DUP : BunnyBoxyTee[WHITE].jpg
DUP : VintageWashing3DLogoTee[WASHEDSAGE].jpg
DUP : VintageWashing3DLogoTee[WASHEDBLACK].jpg
DUP : FisheyeHalf-toneLogoTee[BLACK].jpg
DUP : BubbleGumBoxyTee[APPLEMINT].jpg
DUP : FisheyeHalf-toneLogoTee[BLUE].jpg
DUP : FisheyeHalf-toneLogoTee[WHITE].jpg
DUP : KittenLayeredTee[HEATHERGREEN].jpg
DUP : [SSS]VINTAGESTRIPETEE[PINK_MUSTARD].jpg
DUP : SC22S255YE.jpg
DUP : SC22S254WH.jpg
DUP : SC22S252KH.jpg
DUP : SC22S253BK.jpg
DUP : SC22S256WM.jpg
DUP : SC22S254BK.jpg
DUP : SC22S256WH.jpg
DUP : BRENT2240.jpg
DUP : BRENT2238.jpg
DUP : BRENT2232.jpg
DUP : BRENT2246.jpg
DUP : BRENT2249.jpg
DUP : BRENT2236.jpg
DUP : FCC2TS410M_BKBL.jpg
DUP : FCC2TS409M_BKGN.jpg
DUP : FCC2TS409M_WHNY.jpg
DUP : FCC2TS409M_WHGN.jpg
DUP : YMM22255K2.jpg
DUP : YWM22262P2.jpg
DUP : YUM22259W3.jpg
DUP : 칼하트K195.jpg
DUP : FJS116A05596055-B21.jpg
DUP : PC4SS0481IV.jpg
DUP : PC4SS0491BR.jpg
DUP : PC4SS0491CR.jpg
DUP : PC4GD1011YE.jpg
DUP : PC4SS0521BK.jpg
DUP : PC4SS0551BK.jpg
DUP : QN223GRS52_DBG.jpg
DUP : QN223GRS52_WHT.jpg
DUP : QN223GWT51_BEG.jpg
