DUP : TIE-DYELAYEREDTUBETOP[PINK].jpg
DUP : 노머베이직슬리브리스.jpg
DUP : 드롭백트임슬리브리스.jpg
DUP : 슬림하프넥슬리브리스.jpg
DUP : 티니배색슬리브리스.jpg
DUP : 모달올인원슬리브리스.gif
DUP : 콘치액티비티레터링크롭탑.jpg
DUP : 애플홀터슬리브리스.jpg
DUP : 체크스트랩튜브탑(블랙).jpg
DUP : 홀터워머세트(브라운).jpg
DUP : 21슬리브리스워머세트(블랙).jpg
DUP : 홀터워머세트(핑크).jpg
DUP : 웨이브패치워크나시(베이지).jpg
DUP : AKAJAW2121200_도매.jpg
DUP : AKAJAW2126300_도매.jpg
DUP : AKAJAW21229800_도매.jpg
DUP : (2color)해피오버핏탱크탑.jpg
DUP : RC레이어드슬리브리스블랙나시티.jpg
DUP : RC레이어드슬리브리스화이트나시티.jpg
DUP : 100374헤더그레이.jpg
DUP : 모던나시-베이지.jpg
DUP : [스턴트]STUNTLeatheretteCuttinTank(White).jpg
